{
"contracts/Comp.sol":{"l":{"69":0,"70":0,"80":0,"92":0,"93":0,"94":0,"96":0,"99":0,"101":0,"102":0,"111":0,"121":0,"122":0,"123":0,"134":0,"135":0,"136":0,"138":0,"139":0,"140":0,"142":0,"145":0,"146":0,"154":0,"167":0,"168":0,"169":0,"170":0,"171":0,"172":0,"173":0,"174":0,"183":0,"184":0,"195":0,"197":0,"198":0,"199":0,"203":0,"204":0,"208":0,"209":0,"212":0,"213":0,"214":0,"215":0,"216":0,"217":0,"218":0,"220":0,"222":0,"225":0,"229":0,"230":0,"231":0,"233":0,"235":0,"239":0,"240":0,"242":0,"243":0,"244":0,"246":0,"250":0,"251":0,"252":0,"253":0,"254":0,"255":0,"258":0,"259":0,"260":0,"261":0,"262":0,"268":0,"270":0,"271":0,"273":0,"274":0,"277":0,"281":0,"282":0,"286":0,"287":0,"291":0,"292":0,"293":0,"297":0,"298":0,"302":0,"303":0,"304":0},"path":"/Users/maxgrok/Desktop/rubicon_protocol/contracts/Comp.sol","s":{"1":0,"2":0,"3":0,"4":0,"5":0,"6":0,"7":0,"8":0,"9":0,"10":0,"11":0,"12":0,"13":0,"14":0,"15":0,"16":0,"17":0,"18":0,"19":0,"20":0,"21":0,"22":0,"23":0,"24":0,"25":0,"26":0,"27":0,"28":0,"29":0,"30":0,"31":0,"32":0,"33":0,"34":0,"35":0,"36":0,"37":0,"38":0,"39":0,"40":0,"41":0,"42":0,"43":0,"44":0,"45":0,"46":0,"47":0,"48":0,"49":0,"50":0,"51":0,"52":0,"53":0,"54":0,"55":0,"56":0,"57":0,"58":0,"59":0,"60":0,"61":0,"62":0,"63":0,"64":0,"65":0,"66":0,"67":0,"68":0,"69":0,"70":0,"71":0,"72":0,"73":0,"74":0,"75":0,"76":0,"77":0,"78":0,"79":0,"80":0,"81":0,"82":0,"83":0,"84":0,"85":0,"86":0,"87":0,"88":0,"89":0,"90":0,"91":0,"92":0},"b":{"1":[0,0],"2":[0,0],"3":[0,0],"4":[0,0],"5":[0,0],"6":[0,0],"7":[0,0],"8":[0,0],"9":[0,0],"10":[0,0],"11":[0,0],"12":[0,0],"13":[0,0],"14":[0,0],"15":[0,0],"16":[0,0],"17":[0,0],"18":[0,0],"19":[0,0],"20":[0,0],"21":[0,0]},"f":{"1":0,"2":0,"3":0,"4":0,"5":0,"6":0,"7":0,"8":0,"9":0,"10":0,"11":0,"12":0,"13":0,"14":0,"15":0,"16":0,"17":0,"18":0,"19":0},"fnMap":{"1":{"name":"constructor","line":68,"loc":{"start":{"line":68,"column":4},"end":{"line":71,"column":4}}},"2":{"name":"allowance","line":79,"loc":{"start":{"line":79,"column":4},"end":{"line":81,"column":4}}},"3":{"name":"approve","line":91,"loc":{"start":{"line":91,"column":4},"end":{"line":103,"column":4}}},"4":{"name":"balanceOf","line":110,"loc":{"start":{"line":110,"column":4},"end":{"line":112,"column":4}}},"5":{"name":"transfer","line":120,"loc":{"start":{"line":120,"column":4},"end":{"line":124,"column":4}}},"6":{"name":"transferFrom","line":133,"loc":{"start":{"line":133,"column":4},"end":{"line":147,"column":4}}},"7":{"name":"delegate","line":153,"loc":{"start":{"line":153,"column":4},"end":{"line":155,"column":4}}},"8":{"name":"delegateBySig","line":166,"loc":{"start":{"line":166,"column":4},"end":{"line":175,"column":4}}},"9":{"name":"getCurrentVotes","line":182,"loc":{"start":{"line":182,"column":4},"end":{"line":185,"column":4}}},"10":{"name":"getPriorVotes","line":194,"loc":{"start":{"line":194,"column":4},"end":{"line":226,"column":4}}},"11":{"name":"_delegate","line":228,"loc":{"start":{"line":228,"column":4},"end":{"line":236,"column":4}}},"12":{"name":"_transferTokens","line":238,"loc":{"start":{"line":238,"column":4},"end":{"line":247,"column":4}}},"13":{"name":"_moveDelegates","line":249,"loc":{"start":{"line":249,"column":4},"end":{"line":265,"column":4}}},"14":{"name":"_writeCheckpoint","line":267,"loc":{"start":{"line":267,"column":4},"end":{"line":278,"column":4}}},"15":{"name":"safe32","line":280,"loc":{"start":{"line":280,"column":4},"end":{"line":283,"column":4}}},"16":{"name":"safe96","line":285,"loc":{"start":{"line":285,"column":4},"end":{"line":288,"column":4}}},"17":{"name":"add96","line":290,"loc":{"start":{"line":290,"column":4},"end":{"line":294,"column":4}}},"18":{"name":"sub96","line":296,"loc":{"start":{"line":296,"column":4},"end":{"line":299,"column":4}}},"19":{"name":"getChainId","line":301,"loc":{"start":{"line":301,"column":4},"end":{"line":305,"column":4}}}},"statementMap":{"1":{"start":{"line":69,"column":8},"end":{"line":69,"column":46}},"2":{"start":{"line":70,"column":8},"end":{"line":70,"column":55}},"3":{"start":{"line":80,"column":8},"end":{"line":80,"column":43}},"4":{"start":{"line":92,"column":8},"end":{"line":92,"column":21}},"5":{"start":{"line":93,"column":8},"end":{"line":93,"column":3804}},"6":{"start":{"line":94,"column":12},"end":{"line":94,"column":30}},"7":{"start":{"line":96,"column":12},"end":{"line":96,"column":78}},"8":{"start":{"line":99,"column":8},"end":{"line":99,"column":47}},"9":{"start":{"line":101,"column":8},"end":{"line":101,"column":50}},"10":{"start":{"line":102,"column":8},"end":{"line":102,"column":19}},"11":{"start":{"line":111,"column":8},"end":{"line":111,"column":32}},"12":{"start":{"line":121,"column":8},"end":{"line":121,"column":83}},"13":{"start":{"line":122,"column":8},"end":{"line":122,"column":47}},"14":{"start":{"line":123,"column":8},"end":{"line":123,"column":19}},"15":{"start":{"line":134,"column":8},"end":{"line":134,"column":36}},"16":{"start":{"line":135,"column":8},"end":{"line":135,"column":58}},"17":{"start":{"line":136,"column":8},"end":{"line":136,"column":82}},"18":{"start":{"line":138,"column":8},"end":{"line":138,"column":5478}},"19":{"start":{"line":139,"column":12},"end":{"line":139,"column":130}},"20":{"start":{"line":140,"column":12},"end":{"line":140,"column":50}},"21":{"start":{"line":142,"column":12},"end":{"line":142,"column":53}},"22":{"start":{"line":145,"column":8},"end":{"line":145,"column":40}},"23":{"start":{"line":146,"column":8},"end":{"line":146,"column":19}},"24":{"start":{"line":154,"column":8},"end":{"line":154,"column":47}},"25":{"start":{"line":167,"column":8},"end":{"line":167,"column":125}},"26":{"start":{"line":168,"column":8},"end":{"line":168,"column":97}},"27":{"start":{"line":169,"column":8},"end":{"line":169,"column":93}},"28":{"start":{"line":170,"column":8},"end":{"line":170,"column":54}},"29":{"start":{"line":171,"column":8},"end":{"line":171,"column":81}},"30":{"start":{"line":172,"column":8},"end":{"line":172,"column":82}},"31":{"start":{"line":173,"column":8},"end":{"line":173,"column":71}},"32":{"start":{"line":174,"column":8},"end":{"line":174,"column":46}},"33":{"start":{"line":183,"column":8},"end":{"line":183,"column":53}},"34":{"start":{"line":184,"column":8},"end":{"line":184,"column":82}},"35":{"start":{"line":195,"column":8},"end":{"line":195,"column":85}},"36":{"start":{"line":197,"column":8},"end":{"line":197,"column":53}},"37":{"start":{"line":198,"column":8},"end":{"line":198,"column":8376}},"38":{"start":{"line":199,"column":12},"end":{"line":199,"column":20}},"39":{"start":{"line":203,"column":8},"end":{"line":203,"column":8485}},"40":{"start":{"line":204,"column":12},"end":{"line":204,"column":63}},"41":{"start":{"line":208,"column":8},"end":{"line":208,"column":8684}},"42":{"start":{"line":209,"column":12},"end":{"line":209,"column":20}},"43":{"start":{"line":212,"column":8},"end":{"line":212,"column":24}},"44":{"start":{"line":213,"column":8},"end":{"line":213,"column":39}},"45":{"start":{"line":214,"column":8},"end":{"line":214,"column":8847}},"46":{"start":{"line":215,"column":12},"end":{"line":215,"column":55}},"47":{"start":{"line":216,"column":12},"end":{"line":216,"column":63}},"48":{"start":{"line":217,"column":12},"end":{"line":217,"column":9036}},"49":{"start":{"line":218,"column":16},"end":{"line":218,"column":31}},"50":{"start":{"line":219,"column":19},"end":{"line":219,"column":9123}},"51":{"start":{"line":220,"column":16},"end":{"line":220,"column":29}},"52":{"start":{"line":222,"column":16},"end":{"line":222,"column":33}},"53":{"start":{"line":225,"column":8},"end":{"line":225,"column":48}},"54":{"start":{"line":229,"column":8},"end":{"line":229,"column":54}},"55":{"start":{"line":230,"column":8},"end":{"line":230,"column":53}},"56":{"start":{"line":231,"column":8},"end":{"line":231,"column":39}},"57":{"start":{"line":233,"column":8},"end":{"line":233,"column":67}},"58":{"start":{"line":235,"column":8},"end":{"line":235,"column":67}},"59":{"start":{"line":239,"column":8},"end":{"line":239,"column":97}},"60":{"start":{"line":240,"column":8},"end":{"line":240,"column":95}},"61":{"start":{"line":242,"column":8},"end":{"line":242,"column":109}},"62":{"start":{"line":243,"column":8},"end":{"line":243,"column":103}},"63":{"start":{"line":244,"column":8},"end":{"line":244,"column":39}},"64":{"start":{"line":246,"column":8},"end":{"line":246,"column":61}},"65":{"start":{"line":250,"column":8},"end":{"line":250,"column":10401}},"66":{"start":{"line":251,"column":12},"end":{"line":251,"column":10455}},"67":{"start":{"line":252,"column":16},"end":{"line":252,"column":57}},"68":{"start":{"line":253,"column":16},"end":{"line":253,"column":95}},"69":{"start":{"line":254,"column":16},"end":{"line":254,"column":103}},"70":{"start":{"line":255,"column":16},"end":{"line":255,"column":72}},"71":{"start":{"line":258,"column":12},"end":{"line":258,"column":10846}},"72":{"start":{"line":259,"column":16},"end":{"line":259,"column":57}},"73":{"start":{"line":260,"column":16},"end":{"line":260,"column":95}},"74":{"start":{"line":261,"column":16},"end":{"line":261,"column":102}},"75":{"start":{"line":262,"column":16},"end":{"line":262,"column":72}},"76":{"start":{"line":268,"column":6},"end":{"line":268,"column":103}},"77":{"start":{"line":270,"column":6},"end":{"line":270,"column":11461}},"78":{"start":{"line":271,"column":10},"end":{"line":271,"column":66}},"79":{"start":{"line":273,"column":10},"end":{"line":273,"column":81}},"80":{"start":{"line":274,"column":10},"end":{"line":274,"column":53}},"81":{"start":{"line":277,"column":6},"end":{"line":277,"column":62}},"82":{"start":{"line":281,"column":8},"end":{"line":281,"column":39}},"83":{"start":{"line":282,"column":8},"end":{"line":282,"column":24}},"84":{"start":{"line":286,"column":8},"end":{"line":286,"column":39}},"85":{"start":{"line":287,"column":8},"end":{"line":287,"column":24}},"86":{"start":{"line":291,"column":8},"end":{"line":291,"column":24}},"87":{"start":{"line":292,"column":8},"end":{"line":292,"column":36}},"88":{"start":{"line":293,"column":8},"end":{"line":293,"column":16}},"89":{"start":{"line":297,"column":8},"end":{"line":297,"column":36}},"90":{"start":{"line":298,"column":8},"end":{"line":298,"column":20}},"91":{"start":{"line":302,"column":8},"end":{"line":302,"column":23}},"92":{"start":{"line":304,"column":8},"end":{"line":304,"column":22}}},"branchMap":{"1":{"line":93,"type":"if","locations":[{"start":{"line":93,"column":8},"end":{"line":93,"column":8}},{"start":{"line":93,"column":8},"end":{"line":93,"column":8}}]},"2":{"line":138,"type":"if","locations":[{"start":{"line":138,"column":8},"end":{"line":138,"column":8}},{"start":{"line":138,"column":8},"end":{"line":138,"column":8}}]},"3":{"line":171,"type":"if","locations":[{"start":{"line":171,"column":8},"end":{"line":171,"column":8}},{"start":{"line":171,"column":8},"end":{"line":171,"column":8}}]},"4":{"line":172,"type":"if","locations":[{"start":{"line":172,"column":8},"end":{"line":172,"column":8}},{"start":{"line":172,"column":8},"end":{"line":172,"column":8}}]},"5":{"line":173,"type":"if","locations":[{"start":{"line":173,"column":8},"end":{"line":173,"column":8}},{"start":{"line":173,"column":8},"end":{"line":173,"column":8}}]},"6":{"line":195,"type":"if","locations":[{"start":{"line":195,"column":8},"end":{"line":195,"column":8}},{"start":{"line":195,"column":8},"end":{"line":195,"column":8}}]},"7":{"line":198,"type":"if","locations":[{"start":{"line":198,"column":8},"end":{"line":198,"column":8}},{"start":{"line":198,"column":8},"end":{"line":198,"column":8}}]},"8":{"line":203,"type":"if","locations":[{"start":{"line":203,"column":8},"end":{"line":203,"column":8}},{"start":{"line":203,"column":8},"end":{"line":203,"column":8}}]},"9":{"line":208,"type":"if","locations":[{"start":{"line":208,"column":8},"end":{"line":208,"column":8}},{"start":{"line":208,"column":8},"end":{"line":208,"column":8}}]},"10":{"line":217,"type":"if","locations":[{"start":{"line":217,"column":12},"end":{"line":217,"column":12}},{"start":{"line":217,"column":12},"end":{"line":217,"column":12}}]},"11":{"line":219,"type":"if","locations":[{"start":{"line":219,"column":19},"end":{"line":219,"column":19}},{"start":{"line":219,"column":19},"end":{"line":219,"column":19}}]},"12":{"line":239,"type":"if","locations":[{"start":{"line":239,"column":8},"end":{"line":239,"column":8}},{"start":{"line":239,"column":8},"end":{"line":239,"column":8}}]},"13":{"line":240,"type":"if","locations":[{"start":{"line":240,"column":8},"end":{"line":240,"column":8}},{"start":{"line":240,"column":8},"end":{"line":240,"column":8}}]},"14":{"line":250,"type":"if","locations":[{"start":{"line":250,"column":8},"end":{"line":250,"column":8}},{"start":{"line":250,"column":8},"end":{"line":250,"column":8}}]},"15":{"line":251,"type":"if","locations":[{"start":{"line":251,"column":12},"end":{"line":251,"column":12}},{"start":{"line":251,"column":12},"end":{"line":251,"column":12}}]},"16":{"line":258,"type":"if","locations":[{"start":{"line":258,"column":12},"end":{"line":258,"column":12}},{"start":{"line":258,"column":12},"end":{"line":258,"column":12}}]},"17":{"line":270,"type":"if","locations":[{"start":{"line":270,"column":6},"end":{"line":270,"column":6}},{"start":{"line":270,"column":6},"end":{"line":270,"column":6}}]},"18":{"line":281,"type":"if","locations":[{"start":{"line":281,"column":8},"end":{"line":281,"column":8}},{"start":{"line":281,"column":8},"end":{"line":281,"column":8}}]},"19":{"line":286,"type":"if","locations":[{"start":{"line":286,"column":8},"end":{"line":286,"column":8}},{"start":{"line":286,"column":8},"end":{"line":286,"column":8}}]},"20":{"line":292,"type":"if","locations":[{"start":{"line":292,"column":8},"end":{"line":292,"column":8}},{"start":{"line":292,"column":8},"end":{"line":292,"column":8}}]},"21":{"line":297,"type":"if","locations":[{"start":{"line":297,"column":8},"end":{"line":297,"column":8}},{"start":{"line":297,"column":8},"end":{"line":297,"column":8}}]}}},
"contracts/Dai.sol":{"l":{"35":0,"36":0,"80":0,"81":0,"100":0,"103":0,"112":0,"113":0,"124":0,"129":0,"130":0,"131":0,"132":0,"134":0,"135":0,"136":0,"137":0,"140":0,"141":0,"142":0,"145":0,"146":0,"147":0,"148":0,"150":0,"151":0,"152":0,"155":0,"156":0,"157":0,"162":0,"165":0,"168":0,"175":0,"187":0,"188":0,"189":0,"190":0,"191":0,"192":0,"193":0},"path":"/Users/maxgrok/Desktop/rubicon_protocol/contracts/Dai.sol","s":{"1":0,"2":0,"3":0,"4":0,"5":0,"6":0,"7":0,"8":0,"9":0,"10":0,"11":0,"12":0,"13":0,"14":0,"15":0,"16":0,"17":0,"18":0,"19":0,"20":0,"21":0,"22":0,"23":0,"24":0,"25":0,"26":0,"27":0,"28":0,"29":0,"30":0,"31":0,"32":0,"33":0,"34":0,"35":0,"36":0,"37":0,"38":0,"39":0,"40":0},"b":{"1":[0,0],"2":[0,0],"3":[0,0],"4":[0,0],"5":[0,0],"6":[0,0],"7":[0,0],"8":[0,0],"9":[0,0],"10":[0,0],"11":[0,0],"12":[0,0],"13":[0,0]},"f":{"1":0,"2":0,"3":0,"4":0,"5":0,"6":0,"7":0,"8":0,"9":0,"10":0,"11":0,"12":0,"13":0,"14":0,"15":0,"16":0},"fnMap":{"1":{"name":"note","line":34,"loc":{"start":{"line":34,"column":4},"end":{"line":51,"column":4}}},"2":{"name":"rely","line":77,"loc":{"start":{"line":77,"column":4},"end":{"line":77,"column":68}}},"3":{"name":"deny","line":78,"loc":{"start":{"line":78,"column":4},"end":{"line":78,"column":68}}},"4":{"name":"auth","line":79,"loc":{"start":{"line":79,"column":4},"end":{"line":82,"column":4}}},"5":{"name":"add","line":99,"loc":{"start":{"line":99,"column":4},"end":{"line":101,"column":4}}},"6":{"name":"sub","line":102,"loc":{"start":{"line":102,"column":4},"end":{"line":104,"column":4}}},"7":{"name":"constructor","line":111,"loc":{"start":{"line":111,"column":4},"end":{"line":120,"column":4}}},"8":{"name":"transfer","line":123,"loc":{"start":{"line":123,"column":4},"end":{"line":125,"column":4}}},"9":{"name":"transferFrom","line":126,"loc":{"start":{"line":126,"column":4},"end":{"line":138,"column":4}}},"10":{"name":"mint","line":139,"loc":{"start":{"line":139,"column":4},"end":{"line":143,"column":4}}},"11":{"name":"burn","line":144,"loc":{"start":{"line":144,"column":4},"end":{"line":153,"column":4}}},"12":{"name":"approve","line":154,"loc":{"start":{"line":154,"column":4},"end":{"line":158,"column":4}}},"13":{"name":"push","line":161,"loc":{"start":{"line":161,"column":4},"end":{"line":163,"column":4}}},"14":{"name":"pull","line":164,"loc":{"start":{"line":164,"column":4},"end":{"line":166,"column":4}}},"15":{"name":"move","line":167,"loc":{"start":{"line":167,"column":4},"end":{"line":169,"column":4}}},"16":{"name":"permit","line":172,"loc":{"start":{"line":172,"column":4},"end":{"line":194,"column":4}}}},"statementMap":{"1":{"start":{"line":77,"column":52},"end":{"line":77,"column":65}},"2":{"start":{"line":78,"column":52},"end":{"line":78,"column":65}},"3":{"start":{"line":80,"column":8},"end":{"line":80,"column":60}},"4":{"start":{"line":100,"column":8},"end":{"line":100,"column":32}},"5":{"start":{"line":103,"column":8},"end":{"line":103,"column":32}},"6":{"start":{"line":112,"column":8},"end":{"line":112,"column":28}},"7":{"start":{"line":113,"column":8},"end":{"line":113,"column":4580}},"8":{"start":{"line":124,"column":8},"end":{"line":124,"column":49}},"9":{"start":{"line":129,"column":8},"end":{"line":129,"column":65}},"10":{"start":{"line":130,"column":8},"end":{"line":130,"column":5194}},"11":{"start":{"line":131,"column":12},"end":{"line":131,"column":83}},"12":{"start":{"line":132,"column":12},"end":{"line":132,"column":76}},"13":{"start":{"line":134,"column":8},"end":{"line":134,"column":48}},"14":{"start":{"line":135,"column":8},"end":{"line":135,"column":48}},"15":{"start":{"line":136,"column":8},"end":{"line":136,"column":36}},"16":{"start":{"line":137,"column":8},"end":{"line":137,"column":19}},"17":{"start":{"line":140,"column":8},"end":{"line":140,"column":48}},"18":{"start":{"line":141,"column":8},"end":{"line":141,"column":45}},"19":{"start":{"line":142,"column":8},"end":{"line":142,"column":43}},"20":{"start":{"line":145,"column":8},"end":{"line":145,"column":65}},"21":{"start":{"line":146,"column":8},"end":{"line":146,"column":5938}},"22":{"start":{"line":147,"column":12},"end":{"line":147,"column":83}},"23":{"start":{"line":148,"column":12},"end":{"line":148,"column":76}},"24":{"start":{"line":150,"column":8},"end":{"line":150,"column":48}},"25":{"start":{"line":151,"column":8},"end":{"line":151,"column":45}},"26":{"start":{"line":152,"column":8},"end":{"line":152,"column":43}},"27":{"start":{"line":155,"column":8},"end":{"line":155,"column":39}},"28":{"start":{"line":156,"column":8},"end":{"line":156,"column":43}},"29":{"start":{"line":157,"column":8},"end":{"line":157,"column":19}},"30":{"start":{"line":162,"column":8},"end":{"line":162,"column":41}},"31":{"start":{"line":165,"column":8},"end":{"line":165,"column":41}},"32":{"start":{"line":168,"column":8},"end":{"line":168,"column":34}},"33":{"start":{"line":175,"column":8},"end":{"line":175,"column":7059}},"34":{"start":{"line":187,"column":8},"end":{"line":187,"column":61}},"35":{"start":{"line":188,"column":8},"end":{"line":188,"column":74}},"36":{"start":{"line":189,"column":8},"end":{"line":189,"column":66}},"37":{"start":{"line":190,"column":8},"end":{"line":190,"column":62}},"38":{"start":{"line":191,"column":8},"end":{"line":191,"column":41}},"39":{"start":{"line":192,"column":8},"end":{"line":192,"column":39}},"40":{"start":{"line":193,"column":8},"end":{"line":193,"column":43}}},"branchMap":{"1":{"line":80,"type":"if","locations":[{"start":{"line":80,"column":8},"end":{"line":80,"column":8}},{"start":{"line":80,"column":8},"end":{"line":80,"column":8}}]},"2":{"line":100,"type":"if","locations":[{"start":{"line":100,"column":8},"end":{"line":100,"column":8}},{"start":{"line":100,"column":8},"end":{"line":100,"column":8}}]},"3":{"line":103,"type":"if","locations":[{"start":{"line":103,"column":8},"end":{"line":103,"column":8}},{"start":{"line":103,"column":8},"end":{"line":103,"column":8}}]},"4":{"line":129,"type":"if","locations":[{"start":{"line":129,"column":8},"end":{"line":129,"column":8}},{"start":{"line":129,"column":8},"end":{"line":129,"column":8}}]},"5":{"line":130,"type":"if","locations":[{"start":{"line":130,"column":8},"end":{"line":130,"column":8}},{"start":{"line":130,"column":8},"end":{"line":130,"column":8}}]},"6":{"line":131,"type":"if","locations":[{"start":{"line":131,"column":12},"end":{"line":131,"column":12}},{"start":{"line":131,"column":12},"end":{"line":131,"column":12}}]},"7":{"line":145,"type":"if","locations":[{"start":{"line":145,"column":8},"end":{"line":145,"column":8}},{"start":{"line":145,"column":8},"end":{"line":145,"column":8}}]},"8":{"line":146,"type":"if","locations":[{"start":{"line":146,"column":8},"end":{"line":146,"column":8}},{"start":{"line":146,"column":8},"end":{"line":146,"column":8}}]},"9":{"line":147,"type":"if","locations":[{"start":{"line":147,"column":12},"end":{"line":147,"column":12}},{"start":{"line":147,"column":12},"end":{"line":147,"column":12}}]},"10":{"line":187,"type":"if","locations":[{"start":{"line":187,"column":8},"end":{"line":187,"column":8}},{"start":{"line":187,"column":8},"end":{"line":187,"column":8}}]},"11":{"line":188,"type":"if","locations":[{"start":{"line":188,"column":8},"end":{"line":188,"column":8}},{"start":{"line":188,"column":8},"end":{"line":188,"column":8}}]},"12":{"line":189,"type":"if","locations":[{"start":{"line":189,"column":8},"end":{"line":189,"column":8}},{"start":{"line":189,"column":8},"end":{"line":189,"column":8}}]},"13":{"line":190,"type":"if","locations":[{"start":{"line":190,"column":8},"end":{"line":190,"column":8}},{"start":{"line":190,"column":8},"end":{"line":190,"column":8}}]}}},
"contracts/EquityToken.sol":{"l":{"15":0},"path":"/Users/maxgrok/Desktop/rubicon_protocol/contracts/EquityToken.sol","s":{"1":0},"b":{},"f":{"1":0},"fnMap":{"1":{"name":"constructor","line":14,"loc":{"start":{"line":14,"column":4},"end":{"line":16,"column":4}}}},"statementMap":{"1":{"start":{"line":15,"column":8},"end":{"line":15,"column":34}}},"branchMap":{}},
"contracts/GovernorAlpha.sol":{"l":{"136":0,"137":0,"138":0,"142":0,"143":0,"144":0,"145":0,"147":0,"148":0,"149":0,"150":0,"151":0,"154":0,"155":0,"157":0,"158":0,"174":0,"175":0,"177":0,"178":0,"182":0,"183":0,"184":0,"185":0,"186":0,"188":0,"189":0,"193":0,"194":0,"198":0,"199":0,"200":0,"201":0,"202":0,"204":0,"208":0,"209":0,"211":0,"212":0,"214":0,"215":0,"216":0,"219":0,"223":0,"224":0,"228":0,"232":0,"233":0,"234":0,"235":0,"237":0,"239":0,"241":0,"243":0,"245":0,"247":0,"249":0,"254":0,"258":0,"259":0,"260":0,"261":0,"262":0,"263":0,"267":0,"268":0,"269":0,"270":0,"271":0,"273":0,"274":0,"276":0,"279":0,"280":0,"281":0,"283":0,"287":0,"288":0,"292":0,"293":0,"297":0,"298":0,"302":0,"303":0,"307":0,"308":0,"309":0,"313":0,"314":0,"318":0,"319":0,"320":0},"path":"/Users/maxgrok/Desktop/rubicon_protocol/contracts/GovernorAlpha.sol","s":{"1":0,"2":0,"3":0,"4":0,"5":0,"6":0,"7":0,"8":0,"9":0,"10":0,"11":0,"12":0,"13":0,"14":0,"15":0,"16":0,"17":0,"18":0,"19":0,"20":0,"21":0,"22":0,"23":0,"24":0,"25":0,"26":0,"27":0,"28":0,"29":0,"30":0,"31":0,"32":0,"33":0,"34":0,"35":0,"36":0,"37":0,"38":0,"39":0,"40":0,"41":0,"42":0,"43":0,"44":0,"45":0,"46":0,"47":0,"48":0,"49":0,"50":0,"51":0,"52":0,"53":0,"54":0,"55":0,"56":0,"57":0,"58":0,"59":0,"60":0,"61":0,"62":0,"63":0,"64":0,"65":0,"66":0,"67":0,"68":0,"69":0,"70":0,"71":0,"72":0,"73":0,"74":0,"75":0,"76":0,"77":0,"78":0,"79":0,"80":0,"81":0,"82":0,"83":0,"84":0,"85":0,"86":0,"87":0,"88":0,"89":0,"90":0,"91":0,"92":0,"93":0,"94":0,"95":0,"96":0,"97":0,"98":0,"99":0,"100":0,"101":0},"b":{"1":[0,0],"2":[0,0],"3":[0,0],"4":[0,0],"5":[0,0],"6":[0,0],"7":[0,0],"8":[0,0],"9":[0,0],"10":[0,0],"11":[0,0],"12":[0,0],"13":[0,0],"14":[0,0],"15":[0,0],"16":[0,0],"17":[0,0],"18":[0,0],"19":[0,0],"20":[0,0],"21":[0,0],"22":[0,0],"23":[0,0],"24":[0,0],"25":[0,0],"26":[0,0],"27":[0,0],"28":[0,0],"29":[0,0],"30":[0,0]},"f":{"1":0,"2":0,"3":0,"4":0,"5":0,"6":0,"7":0,"8":0,"9":0,"10":0,"11":0,"12":0,"13":0,"14":0,"15":0,"16":0,"17":0,"18":0,"19":0,"20":0,"21":0,"22":0,"23":0,"24":0},"fnMap":{"1":{"name":"quorumVotes","line":14,"loc":{"start":{"line":14,"column":4},"end":{"line":14,"column":74}}},"2":{"name":"proposalThreshold","line":17,"loc":{"start":{"line":17,"column":4},"end":{"line":17,"column":80}}},"3":{"name":"proposalMaxOperations","line":20,"loc":{"start":{"line":20,"column":4},"end":{"line":20,"column":77}}},"4":{"name":"votingDelay","line":23,"loc":{"start":{"line":23,"column":4},"end":{"line":23,"column":66}}},"5":{"name":"votingPeriod","line":26,"loc":{"start":{"line":26,"column":4},"end":{"line":26,"column":71}}},"6":{"name":"constructor","line":135,"loc":{"start":{"line":135,"column":4},"end":{"line":139,"column":4}}},"7":{"name":"propose","line":141,"loc":{"start":{"line":141,"column":4},"end":{"line":179,"column":4}}},"8":{"name":"queue","line":181,"loc":{"start":{"line":181,"column":4},"end":{"line":190,"column":4}}},"9":{"name":"_queueOrRevert","line":192,"loc":{"start":{"line":192,"column":4},"end":{"line":195,"column":4}}},"10":{"name":"execute","line":197,"loc":{"start":{"line":197,"column":4},"end":{"line":205,"column":4}}},"11":{"name":"cancel","line":207,"loc":{"start":{"line":207,"column":4},"end":{"line":220,"column":4}}},"12":{"name":"getActions","line":222,"loc":{"start":{"line":222,"column":4},"end":{"line":225,"column":4}}},"13":{"name":"getReceipt","line":227,"loc":{"start":{"line":227,"column":4},"end":{"line":229,"column":4}}},"14":{"name":"state","line":231,"loc":{"start":{"line":231,"column":4},"end":{"line":251,"column":4}}},"15":{"name":"castVote","line":253,"loc":{"start":{"line":253,"column":4},"end":{"line":255,"column":4}}},"16":{"name":"castVoteBySig","line":257,"loc":{"start":{"line":257,"column":4},"end":{"line":264,"column":4}}},"17":{"name":"_castVote","line":266,"loc":{"start":{"line":266,"column":4},"end":{"line":284,"column":4}}},"18":{"name":"__acceptAdmin","line":286,"loc":{"start":{"line":286,"column":4},"end":{"line":289,"column":4}}},"19":{"name":"__abdicate","line":291,"loc":{"start":{"line":291,"column":4},"end":{"line":294,"column":4}}},"20":{"name":"__queueSetTimelockPendingAdmin","line":296,"loc":{"start":{"line":296,"column":4},"end":{"line":299,"column":4}}},"21":{"name":"__executeSetTimelockPendingAdmin","line":301,"loc":{"start":{"line":301,"column":4},"end":{"line":304,"column":4}}},"22":{"name":"add256","line":306,"loc":{"start":{"line":306,"column":4},"end":{"line":310,"column":4}}},"23":{"name":"sub256","line":312,"loc":{"start":{"line":312,"column":4},"end":{"line":315,"column":4}}},"24":{"name":"getChainId","line":317,"loc":{"start":{"line":317,"column":4},"end":{"line":321,"column":4}}}},"statementMap":{"1":{"start":{"line":14,"column":56},"end":{"line":14,"column":72}},"2":{"start":{"line":17,"column":62},"end":{"line":17,"column":78}},"3":{"start":{"line":20,"column":66},"end":{"line":20,"column":75}},"4":{"start":{"line":23,"column":56},"end":{"line":23,"column":64}},"5":{"start":{"line":26,"column":57},"end":{"line":26,"column":69}},"6":{"start":{"line":136,"column":8},"end":{"line":136,"column":46}},"7":{"start":{"line":137,"column":8},"end":{"line":137,"column":34}},"8":{"start":{"line":138,"column":8},"end":{"line":138,"column":27}},"9":{"start":{"line":142,"column":8},"end":{"line":142,"column":160}},"10":{"start":{"line":143,"column":8},"end":{"line":143,"column":196}},"11":{"start":{"line":144,"column":8},"end":{"line":144,"column":83}},"12":{"start":{"line":145,"column":8},"end":{"line":145,"column":101}},"13":{"start":{"line":147,"column":8},"end":{"line":147,"column":61}},"14":{"start":{"line":148,"column":8},"end":{"line":148,"column":6013}},"15":{"start":{"line":149,"column":10},"end":{"line":149,"column":78}},"16":{"start":{"line":150,"column":10},"end":{"line":150,"column":162}},"17":{"start":{"line":151,"column":10},"end":{"line":151,"column":164}},"18":{"start":{"line":154,"column":8},"end":{"line":154,"column":61}},"19":{"start":{"line":155,"column":8},"end":{"line":155,"column":58}},"20":{"start":{"line":158,"column":8},"end":{"line":158,"column":6624}},"21":{"start":{"line":174,"column":8},"end":{"line":174,"column":46}},"22":{"start":{"line":175,"column":8},"end":{"line":175,"column":63}},"23":{"start":{"line":177,"column":8},"end":{"line":177,"column":131}},"24":{"start":{"line":178,"column":8},"end":{"line":178,"column":29}},"25":{"start":{"line":182,"column":8},"end":{"line":182,"column":132}},"26":{"start":{"line":183,"column":8},"end":{"line":183,"column":57}},"27":{"start":{"line":184,"column":8},"end":{"line":184,"column":60}},"28":{"start":{"line":185,"column":8},"end":{"line":185,"column":7664}},"29":{"start":{"line":186,"column":12},"end":{"line":186,"column":118}},"30":{"start":{"line":188,"column":8},"end":{"line":188,"column":25}},"31":{"start":{"line":189,"column":8},"end":{"line":189,"column":44}},"32":{"start":{"line":193,"column":8},"end":{"line":193,"column":176}},"33":{"start":{"line":194,"column":8},"end":{"line":194,"column":69}},"34":{"start":{"line":198,"column":8},"end":{"line":198,"column":130}},"35":{"start":{"line":199,"column":8},"end":{"line":199,"column":57}},"36":{"start":{"line":200,"column":8},"end":{"line":200,"column":31}},"37":{"start":{"line":201,"column":8},"end":{"line":201,"column":8597}},"38":{"start":{"line":202,"column":12},"end":{"line":202,"column":64}},"39":{"start":{"line":204,"column":8},"end":{"line":204,"column":41}},"40":{"start":{"line":208,"column":8},"end":{"line":208,"column":47}},"41":{"start":{"line":209,"column":8},"end":{"line":209,"column":105}},"42":{"start":{"line":211,"column":8},"end":{"line":211,"column":57}},"43":{"start":{"line":212,"column":8},"end":{"line":212,"column":177}},"44":{"start":{"line":214,"column":8},"end":{"line":214,"column":31}},"45":{"start":{"line":215,"column":8},"end":{"line":215,"column":9365}},"46":{"start":{"line":216,"column":12},"end":{"line":216,"column":139}},"47":{"start":{"line":219,"column":8},"end":{"line":219,"column":41}},"48":{"start":{"line":223,"column":8},"end":{"line":223,"column":50}},"49":{"start":{"line":224,"column":8},"end":{"line":224,"column":63}},"50":{"start":{"line":228,"column":8},"end":{"line":228,"column":52}},"51":{"start":{"line":232,"column":8},"end":{"line":232,"column":106}},"52":{"start":{"line":233,"column":8},"end":{"line":233,"column":57}},"53":{"start":{"line":234,"column":8},"end":{"line":234,"column":10317}},"54":{"start":{"line":235,"column":12},"end":{"line":235,"column":41}},"55":{"start":{"line":236,"column":15},"end":{"line":236,"column":10400}},"56":{"start":{"line":237,"column":12},"end":{"line":237,"column":40}},"57":{"start":{"line":238,"column":15},"end":{"line":238,"column":10500}},"58":{"start":{"line":239,"column":12},"end":{"line":239,"column":39}},"59":{"start":{"line":240,"column":15},"end":{"line":240,"column":10597}},"60":{"start":{"line":241,"column":12},"end":{"line":241,"column":41}},"61":{"start":{"line":242,"column":15},"end":{"line":242,"column":10742}},"62":{"start":{"line":243,"column":12},"end":{"line":243,"column":42}},"63":{"start":{"line":244,"column":15},"end":{"line":244,"column":10826}},"64":{"start":{"line":245,"column":12},"end":{"line":245,"column":41}},"65":{"start":{"line":246,"column":15},"end":{"line":246,"column":10909}},"66":{"start":{"line":247,"column":12},"end":{"line":247,"column":40}},"67":{"start":{"line":249,"column":12},"end":{"line":249,"column":39}},"68":{"start":{"line":254,"column":8},"end":{"line":254,"column":57}},"69":{"start":{"line":258,"column":8},"end":{"line":258,"column":125}},"70":{"start":{"line":259,"column":8},"end":{"line":259,"column":88}},"71":{"start":{"line":260,"column":8},"end":{"line":260,"column":93}},"72":{"start":{"line":261,"column":8},"end":{"line":261,"column":54}},"73":{"start":{"line":262,"column":8},"end":{"line":262,"column":90}},"74":{"start":{"line":263,"column":8},"end":{"line":263,"column":56}},"75":{"start":{"line":267,"column":8},"end":{"line":267,"column":103}},"76":{"start":{"line":268,"column":8},"end":{"line":268,"column":57}},"77":{"start":{"line":269,"column":8},"end":{"line":269,"column":58}},"78":{"start":{"line":270,"column":8},"end":{"line":270,"column":90}},"79":{"start":{"line":271,"column":8},"end":{"line":271,"column":69}},"80":{"start":{"line":273,"column":8},"end":{"line":273,"column":12328}},"81":{"start":{"line":274,"column":12},"end":{"line":274,"column":63}},"82":{"start":{"line":276,"column":12},"end":{"line":276,"column":71}},"83":{"start":{"line":279,"column":8},"end":{"line":279,"column":30}},"84":{"start":{"line":280,"column":8},"end":{"line":280,"column":32}},"85":{"start":{"line":281,"column":8},"end":{"line":281,"column":28}},"86":{"start":{"line":283,"column":8},"end":{"line":283,"column":56}},"87":{"start":{"line":287,"column":8},"end":{"line":287,"column":99}},"88":{"start":{"line":288,"column":8},"end":{"line":288,"column":29}},"89":{"start":{"line":292,"column":8},"end":{"line":292,"column":96}},"90":{"start":{"line":293,"column":8},"end":{"line":293,"column":28}},"91":{"start":{"line":297,"column":8},"end":{"line":297,"column":116}},"92":{"start":{"line":298,"column":8},"end":{"line":298,"column":116}},"93":{"start":{"line":302,"column":8},"end":{"line":302,"column":118}},"94":{"start":{"line":303,"column":8},"end":{"line":303,"column":118}},"95":{"start":{"line":307,"column":8},"end":{"line":307,"column":22}},"96":{"start":{"line":308,"column":8},"end":{"line":308,"column":43}},"97":{"start":{"line":309,"column":8},"end":{"line":309,"column":16}},"98":{"start":{"line":313,"column":8},"end":{"line":313,"column":47}},"99":{"start":{"line":314,"column":8},"end":{"line":314,"column":20}},"100":{"start":{"line":318,"column":8},"end":{"line":318,"column":20}},"101":{"start":{"line":320,"column":8},"end":{"line":320,"column":22}}},"branchMap":{"1":{"line":142,"type":"if","locations":[{"start":{"line":142,"column":8},"end":{"line":142,"column":8}},{"start":{"line":142,"column":8},"end":{"line":142,"column":8}}]},"2":{"line":143,"type":"if","locations":[{"start":{"line":143,"column":8},"end":{"line":143,"column":8}},{"start":{"line":143,"column":8},"end":{"line":143,"column":8}}]},"3":{"line":144,"type":"if","locations":[{"start":{"line":144,"column":8},"end":{"line":144,"column":8}},{"start":{"line":144,"column":8},"end":{"line":144,"column":8}}]},"4":{"line":145,"type":"if","locations":[{"start":{"line":145,"column":8},"end":{"line":145,"column":8}},{"start":{"line":145,"column":8},"end":{"line":145,"column":8}}]},"5":{"line":148,"type":"if","locations":[{"start":{"line":148,"column":8},"end":{"line":148,"column":8}},{"start":{"line":148,"column":8},"end":{"line":148,"column":8}}]},"6":{"line":150,"type":"if","locations":[{"start":{"line":150,"column":10},"end":{"line":150,"column":10}},{"start":{"line":150,"column":10},"end":{"line":150,"column":10}}]},"7":{"line":151,"type":"if","locations":[{"start":{"line":151,"column":10},"end":{"line":151,"column":10}},{"start":{"line":151,"column":10},"end":{"line":151,"column":10}}]},"8":{"line":182,"type":"if","locations":[{"start":{"line":182,"column":8},"end":{"line":182,"column":8}},{"start":{"line":182,"column":8},"end":{"line":182,"column":8}}]},"9":{"line":193,"type":"if","locations":[{"start":{"line":193,"column":8},"end":{"line":193,"column":8}},{"start":{"line":193,"column":8},"end":{"line":193,"column":8}}]},"10":{"line":198,"type":"if","locations":[{"start":{"line":198,"column":8},"end":{"line":198,"column":8}},{"start":{"line":198,"column":8},"end":{"line":198,"column":8}}]},"11":{"line":209,"type":"if","locations":[{"start":{"line":209,"column":8},"end":{"line":209,"column":8}},{"start":{"line":209,"column":8},"end":{"line":209,"column":8}}]},"12":{"line":212,"type":"if","locations":[{"start":{"line":212,"column":8},"end":{"line":212,"column":8}},{"start":{"line":212,"column":8},"end":{"line":212,"column":8}}]},"13":{"line":232,"type":"if","locations":[{"start":{"line":232,"column":8},"end":{"line":232,"column":8}},{"start":{"line":232,"column":8},"end":{"line":232,"column":8}}]},"14":{"line":234,"type":"if","locations":[{"start":{"line":234,"column":8},"end":{"line":234,"column":8}},{"start":{"line":234,"column":8},"end":{"line":234,"column":8}}]},"15":{"line":236,"type":"if","locations":[{"start":{"line":236,"column":15},"end":{"line":236,"column":15}},{"start":{"line":236,"column":15},"end":{"line":236,"column":15}}]},"16":{"line":238,"type":"if","locations":[{"start":{"line":238,"column":15},"end":{"line":238,"column":15}},{"start":{"line":238,"column":15},"end":{"line":238,"column":15}}]},"17":{"line":240,"type":"if","locations":[{"start":{"line":240,"column":15},"end":{"line":240,"column":15}},{"start":{"line":240,"column":15},"end":{"line":240,"column":15}}]},"18":{"line":242,"type":"if","locations":[{"start":{"line":242,"column":15},"end":{"line":242,"column":15}},{"start":{"line":242,"column":15},"end":{"line":242,"column":15}}]},"19":{"line":244,"type":"if","locations":[{"start":{"line":244,"column":15},"end":{"line":244,"column":15}},{"start":{"line":244,"column":15},"end":{"line":244,"column":15}}]},"20":{"line":246,"type":"if","locations":[{"start":{"line":246,"column":15},"end":{"line":246,"column":15}},{"start":{"line":246,"column":15},"end":{"line":246,"column":15}}]},"21":{"line":262,"type":"if","locations":[{"start":{"line":262,"column":8},"end":{"line":262,"column":8}},{"start":{"line":262,"column":8},"end":{"line":262,"column":8}}]},"22":{"line":267,"type":"if","locations":[{"start":{"line":267,"column":8},"end":{"line":267,"column":8}},{"start":{"line":267,"column":8},"end":{"line":267,"column":8}}]},"23":{"line":270,"type":"if","locations":[{"start":{"line":270,"column":8},"end":{"line":270,"column":8}},{"start":{"line":270,"column":8},"end":{"line":270,"column":8}}]},"24":{"line":273,"type":"if","locations":[{"start":{"line":273,"column":8},"end":{"line":273,"column":8}},{"start":{"line":273,"column":8},"end":{"line":273,"column":8}}]},"25":{"line":287,"type":"if","locations":[{"start":{"line":287,"column":8},"end":{"line":287,"column":8}},{"start":{"line":287,"column":8},"end":{"line":287,"column":8}}]},"26":{"line":292,"type":"if","locations":[{"start":{"line":292,"column":8},"end":{"line":292,"column":8}},{"start":{"line":292,"column":8},"end":{"line":292,"column":8}}]},"27":{"line":297,"type":"if","locations":[{"start":{"line":297,"column":8},"end":{"line":297,"column":8}},{"start":{"line":297,"column":8},"end":{"line":297,"column":8}}]},"28":{"line":302,"type":"if","locations":[{"start":{"line":302,"column":8},"end":{"line":302,"column":8}},{"start":{"line":302,"column":8},"end":{"line":302,"column":8}}]},"29":{"line":308,"type":"if","locations":[{"start":{"line":308,"column":8},"end":{"line":308,"column":8}},{"start":{"line":308,"column":8},"end":{"line":308,"column":8}}]},"30":{"line":313,"type":"if","locations":[{"start":{"line":313,"column":8},"end":{"line":313,"column":8}},{"start":{"line":313,"column":8},"end":{"line":313,"column":8}}]}}},
"contracts/RBCN.sol":{"l":{"69":0,"70":0,"80":0,"92":0,"93":0,"94":0,"96":0,"99":0,"101":0,"102":0,"111":0,"121":0,"122":0,"123":0,"134":0,"135":0,"136":0,"138":0,"139":0,"140":0,"142":0,"145":0,"146":0,"154":0,"167":0,"168":0,"169":0,"170":0,"171":0,"172":0,"173":0,"174":0,"183":0,"184":0,"195":0,"197":0,"198":0,"199":0,"203":0,"204":0,"208":0,"209":0,"212":0,"213":0,"214":0,"215":0,"216":0,"217":0,"218":0,"220":0,"222":0,"225":0,"229":0,"230":0,"231":0,"233":0,"235":0,"239":0,"240":0,"242":0,"243":0,"244":0,"246":0,"250":0,"251":0,"252":0,"253":0,"254":0,"255":0,"258":0,"259":0,"260":0,"261":0,"262":0,"268":0,"270":0,"271":0,"273":0,"274":0,"277":0,"281":0,"282":0,"286":0,"287":0,"291":0,"292":0,"293":0,"297":0,"298":0,"302":0,"303":0,"304":0},"path":"/Users/maxgrok/Desktop/rubicon_protocol/contracts/RBCN.sol","s":{"1":0,"2":0,"3":0,"4":0,"5":0,"6":0,"7":0,"8":0,"9":0,"10":0,"11":0,"12":0,"13":0,"14":0,"15":0,"16":0,"17":0,"18":0,"19":0,"20":0,"21":0,"22":0,"23":0,"24":0,"25":0,"26":0,"27":0,"28":0,"29":0,"30":0,"31":0,"32":0,"33":0,"34":0,"35":0,"36":0,"37":0,"38":0,"39":0,"40":0,"41":0,"42":0,"43":0,"44":0,"45":0,"46":0,"47":0,"48":0,"49":0,"50":0,"51":0,"52":0,"53":0,"54":0,"55":0,"56":0,"57":0,"58":0,"59":0,"60":0,"61":0,"62":0,"63":0,"64":0,"65":0,"66":0,"67":0,"68":0,"69":0,"70":0,"71":0,"72":0,"73":0,"74":0,"75":0,"76":0,"77":0,"78":0,"79":0,"80":0,"81":0,"82":0,"83":0,"84":0,"85":0,"86":0,"87":0,"88":0,"89":0,"90":0,"91":0,"92":0},"b":{"1":[0,0],"2":[0,0],"3":[0,0],"4":[0,0],"5":[0,0],"6":[0,0],"7":[0,0],"8":[0,0],"9":[0,0],"10":[0,0],"11":[0,0],"12":[0,0],"13":[0,0],"14":[0,0],"15":[0,0],"16":[0,0],"17":[0,0],"18":[0,0],"19":[0,0],"20":[0,0],"21":[0,0]},"f":{"1":0,"2":0,"3":0,"4":0,"5":0,"6":0,"7":0,"8":0,"9":0,"10":0,"11":0,"12":0,"13":0,"14":0,"15":0,"16":0,"17":0,"18":0,"19":0},"fnMap":{"1":{"name":"constructor","line":68,"loc":{"start":{"line":68,"column":4},"end":{"line":71,"column":4}}},"2":{"name":"allowance","line":79,"loc":{"start":{"line":79,"column":4},"end":{"line":81,"column":4}}},"3":{"name":"approve","line":91,"loc":{"start":{"line":91,"column":4},"end":{"line":103,"column":4}}},"4":{"name":"balanceOf","line":110,"loc":{"start":{"line":110,"column":4},"end":{"line":112,"column":4}}},"5":{"name":"transfer","line":120,"loc":{"start":{"line":120,"column":4},"end":{"line":124,"column":4}}},"6":{"name":"transferFrom","line":133,"loc":{"start":{"line":133,"column":4},"end":{"line":147,"column":4}}},"7":{"name":"delegate","line":153,"loc":{"start":{"line":153,"column":4},"end":{"line":155,"column":4}}},"8":{"name":"delegateBySig","line":166,"loc":{"start":{"line":166,"column":4},"end":{"line":175,"column":4}}},"9":{"name":"getCurrentVotes","line":182,"loc":{"start":{"line":182,"column":4},"end":{"line":185,"column":4}}},"10":{"name":"getPriorVotes","line":194,"loc":{"start":{"line":194,"column":4},"end":{"line":226,"column":4}}},"11":{"name":"_delegate","line":228,"loc":{"start":{"line":228,"column":4},"end":{"line":236,"column":4}}},"12":{"name":"_transferTokens","line":238,"loc":{"start":{"line":238,"column":4},"end":{"line":247,"column":4}}},"13":{"name":"_moveDelegates","line":249,"loc":{"start":{"line":249,"column":4},"end":{"line":265,"column":4}}},"14":{"name":"_writeCheckpoint","line":267,"loc":{"start":{"line":267,"column":4},"end":{"line":278,"column":4}}},"15":{"name":"safe32","line":280,"loc":{"start":{"line":280,"column":4},"end":{"line":283,"column":4}}},"16":{"name":"safe96","line":285,"loc":{"start":{"line":285,"column":4},"end":{"line":288,"column":4}}},"17":{"name":"add96","line":290,"loc":{"start":{"line":290,"column":4},"end":{"line":294,"column":4}}},"18":{"name":"sub96","line":296,"loc":{"start":{"line":296,"column":4},"end":{"line":299,"column":4}}},"19":{"name":"getChainId","line":301,"loc":{"start":{"line":301,"column":4},"end":{"line":305,"column":4}}}},"statementMap":{"1":{"start":{"line":69,"column":8},"end":{"line":69,"column":46}},"2":{"start":{"line":70,"column":8},"end":{"line":70,"column":55}},"3":{"start":{"line":80,"column":8},"end":{"line":80,"column":43}},"4":{"start":{"line":92,"column":8},"end":{"line":92,"column":21}},"5":{"start":{"line":93,"column":8},"end":{"line":93,"column":3803}},"6":{"start":{"line":94,"column":12},"end":{"line":94,"column":30}},"7":{"start":{"line":96,"column":12},"end":{"line":96,"column":78}},"8":{"start":{"line":99,"column":8},"end":{"line":99,"column":47}},"9":{"start":{"line":101,"column":8},"end":{"line":101,"column":50}},"10":{"start":{"line":102,"column":8},"end":{"line":102,"column":19}},"11":{"start":{"line":111,"column":8},"end":{"line":111,"column":32}},"12":{"start":{"line":121,"column":8},"end":{"line":121,"column":83}},"13":{"start":{"line":122,"column":8},"end":{"line":122,"column":47}},"14":{"start":{"line":123,"column":8},"end":{"line":123,"column":19}},"15":{"start":{"line":134,"column":8},"end":{"line":134,"column":36}},"16":{"start":{"line":135,"column":8},"end":{"line":135,"column":58}},"17":{"start":{"line":136,"column":8},"end":{"line":136,"column":82}},"18":{"start":{"line":138,"column":8},"end":{"line":138,"column":5477}},"19":{"start":{"line":139,"column":12},"end":{"line":139,"column":130}},"20":{"start":{"line":140,"column":12},"end":{"line":140,"column":50}},"21":{"start":{"line":142,"column":12},"end":{"line":142,"column":53}},"22":{"start":{"line":145,"column":8},"end":{"line":145,"column":40}},"23":{"start":{"line":146,"column":8},"end":{"line":146,"column":19}},"24":{"start":{"line":154,"column":8},"end":{"line":154,"column":47}},"25":{"start":{"line":167,"column":8},"end":{"line":167,"column":125}},"26":{"start":{"line":168,"column":8},"end":{"line":168,"column":97}},"27":{"start":{"line":169,"column":8},"end":{"line":169,"column":93}},"28":{"start":{"line":170,"column":8},"end":{"line":170,"column":54}},"29":{"start":{"line":171,"column":8},"end":{"line":171,"column":81}},"30":{"start":{"line":172,"column":8},"end":{"line":172,"column":82}},"31":{"start":{"line":173,"column":8},"end":{"line":173,"column":71}},"32":{"start":{"line":174,"column":8},"end":{"line":174,"column":46}},"33":{"start":{"line":183,"column":8},"end":{"line":183,"column":53}},"34":{"start":{"line":184,"column":8},"end":{"line":184,"column":82}},"35":{"start":{"line":195,"column":8},"end":{"line":195,"column":85}},"36":{"start":{"line":197,"column":8},"end":{"line":197,"column":53}},"37":{"start":{"line":198,"column":8},"end":{"line":198,"column":8375}},"38":{"start":{"line":199,"column":12},"end":{"line":199,"column":20}},"39":{"start":{"line":203,"column":8},"end":{"line":203,"column":8484}},"40":{"start":{"line":204,"column":12},"end":{"line":204,"column":63}},"41":{"start":{"line":208,"column":8},"end":{"line":208,"column":8683}},"42":{"start":{"line":209,"column":12},"end":{"line":209,"column":20}},"43":{"start":{"line":212,"column":8},"end":{"line":212,"column":24}},"44":{"start":{"line":213,"column":8},"end":{"line":213,"column":39}},"45":{"start":{"line":214,"column":8},"end":{"line":214,"column":8846}},"46":{"start":{"line":215,"column":12},"end":{"line":215,"column":55}},"47":{"start":{"line":216,"column":12},"end":{"line":216,"column":63}},"48":{"start":{"line":217,"column":12},"end":{"line":217,"column":9035}},"49":{"start":{"line":218,"column":16},"end":{"line":218,"column":31}},"50":{"start":{"line":219,"column":19},"end":{"line":219,"column":9122}},"51":{"start":{"line":220,"column":16},"end":{"line":220,"column":29}},"52":{"start":{"line":222,"column":16},"end":{"line":222,"column":33}},"53":{"start":{"line":225,"column":8},"end":{"line":225,"column":48}},"54":{"start":{"line":229,"column":8},"end":{"line":229,"column":54}},"55":{"start":{"line":230,"column":8},"end":{"line":230,"column":53}},"56":{"start":{"line":231,"column":8},"end":{"line":231,"column":39}},"57":{"start":{"line":233,"column":8},"end":{"line":233,"column":67}},"58":{"start":{"line":235,"column":8},"end":{"line":235,"column":67}},"59":{"start":{"line":239,"column":8},"end":{"line":239,"column":97}},"60":{"start":{"line":240,"column":8},"end":{"line":240,"column":95}},"61":{"start":{"line":242,"column":8},"end":{"line":242,"column":109}},"62":{"start":{"line":243,"column":8},"end":{"line":243,"column":103}},"63":{"start":{"line":244,"column":8},"end":{"line":244,"column":39}},"64":{"start":{"line":246,"column":8},"end":{"line":246,"column":61}},"65":{"start":{"line":250,"column":8},"end":{"line":250,"column":10400}},"66":{"start":{"line":251,"column":12},"end":{"line":251,"column":10454}},"67":{"start":{"line":252,"column":16},"end":{"line":252,"column":57}},"68":{"start":{"line":253,"column":16},"end":{"line":253,"column":95}},"69":{"start":{"line":254,"column":16},"end":{"line":254,"column":103}},"70":{"start":{"line":255,"column":16},"end":{"line":255,"column":72}},"71":{"start":{"line":258,"column":12},"end":{"line":258,"column":10845}},"72":{"start":{"line":259,"column":16},"end":{"line":259,"column":57}},"73":{"start":{"line":260,"column":16},"end":{"line":260,"column":95}},"74":{"start":{"line":261,"column":16},"end":{"line":261,"column":102}},"75":{"start":{"line":262,"column":16},"end":{"line":262,"column":72}},"76":{"start":{"line":268,"column":6},"end":{"line":268,"column":103}},"77":{"start":{"line":270,"column":6},"end":{"line":270,"column":11460}},"78":{"start":{"line":271,"column":10},"end":{"line":271,"column":66}},"79":{"start":{"line":273,"column":10},"end":{"line":273,"column":81}},"80":{"start":{"line":274,"column":10},"end":{"line":274,"column":53}},"81":{"start":{"line":277,"column":6},"end":{"line":277,"column":62}},"82":{"start":{"line":281,"column":8},"end":{"line":281,"column":39}},"83":{"start":{"line":282,"column":8},"end":{"line":282,"column":24}},"84":{"start":{"line":286,"column":8},"end":{"line":286,"column":39}},"85":{"start":{"line":287,"column":8},"end":{"line":287,"column":24}},"86":{"start":{"line":291,"column":8},"end":{"line":291,"column":24}},"87":{"start":{"line":292,"column":8},"end":{"line":292,"column":36}},"88":{"start":{"line":293,"column":8},"end":{"line":293,"column":16}},"89":{"start":{"line":297,"column":8},"end":{"line":297,"column":36}},"90":{"start":{"line":298,"column":8},"end":{"line":298,"column":20}},"91":{"start":{"line":302,"column":8},"end":{"line":302,"column":23}},"92":{"start":{"line":304,"column":8},"end":{"line":304,"column":22}}},"branchMap":{"1":{"line":93,"type":"if","locations":[{"start":{"line":93,"column":8},"end":{"line":93,"column":8}},{"start":{"line":93,"column":8},"end":{"line":93,"column":8}}]},"2":{"line":138,"type":"if","locations":[{"start":{"line":138,"column":8},"end":{"line":138,"column":8}},{"start":{"line":138,"column":8},"end":{"line":138,"column":8}}]},"3":{"line":171,"type":"if","locations":[{"start":{"line":171,"column":8},"end":{"line":171,"column":8}},{"start":{"line":171,"column":8},"end":{"line":171,"column":8}}]},"4":{"line":172,"type":"if","locations":[{"start":{"line":172,"column":8},"end":{"line":172,"column":8}},{"start":{"line":172,"column":8},"end":{"line":172,"column":8}}]},"5":{"line":173,"type":"if","locations":[{"start":{"line":173,"column":8},"end":{"line":173,"column":8}},{"start":{"line":173,"column":8},"end":{"line":173,"column":8}}]},"6":{"line":195,"type":"if","locations":[{"start":{"line":195,"column":8},"end":{"line":195,"column":8}},{"start":{"line":195,"column":8},"end":{"line":195,"column":8}}]},"7":{"line":198,"type":"if","locations":[{"start":{"line":198,"column":8},"end":{"line":198,"column":8}},{"start":{"line":198,"column":8},"end":{"line":198,"column":8}}]},"8":{"line":203,"type":"if","locations":[{"start":{"line":203,"column":8},"end":{"line":203,"column":8}},{"start":{"line":203,"column":8},"end":{"line":203,"column":8}}]},"9":{"line":208,"type":"if","locations":[{"start":{"line":208,"column":8},"end":{"line":208,"column":8}},{"start":{"line":208,"column":8},"end":{"line":208,"column":8}}]},"10":{"line":217,"type":"if","locations":[{"start":{"line":217,"column":12},"end":{"line":217,"column":12}},{"start":{"line":217,"column":12},"end":{"line":217,"column":12}}]},"11":{"line":219,"type":"if","locations":[{"start":{"line":219,"column":19},"end":{"line":219,"column":19}},{"start":{"line":219,"column":19},"end":{"line":219,"column":19}}]},"12":{"line":239,"type":"if","locations":[{"start":{"line":239,"column":8},"end":{"line":239,"column":8}},{"start":{"line":239,"column":8},"end":{"line":239,"column":8}}]},"13":{"line":240,"type":"if","locations":[{"start":{"line":240,"column":8},"end":{"line":240,"column":8}},{"start":{"line":240,"column":8},"end":{"line":240,"column":8}}]},"14":{"line":250,"type":"if","locations":[{"start":{"line":250,"column":8},"end":{"line":250,"column":8}},{"start":{"line":250,"column":8},"end":{"line":250,"column":8}}]},"15":{"line":251,"type":"if","locations":[{"start":{"line":251,"column":12},"end":{"line":251,"column":12}},{"start":{"line":251,"column":12},"end":{"line":251,"column":12}}]},"16":{"line":258,"type":"if","locations":[{"start":{"line":258,"column":12},"end":{"line":258,"column":12}},{"start":{"line":258,"column":12},"end":{"line":258,"column":12}}]},"17":{"line":270,"type":"if","locations":[{"start":{"line":270,"column":6},"end":{"line":270,"column":6}},{"start":{"line":270,"column":6},"end":{"line":270,"column":6}}]},"18":{"line":281,"type":"if","locations":[{"start":{"line":281,"column":8},"end":{"line":281,"column":8}},{"start":{"line":281,"column":8},"end":{"line":281,"column":8}}]},"19":{"line":286,"type":"if","locations":[{"start":{"line":286,"column":8},"end":{"line":286,"column":8}},{"start":{"line":286,"column":8},"end":{"line":286,"column":8}}]},"20":{"line":292,"type":"if","locations":[{"start":{"line":292,"column":8},"end":{"line":292,"column":8}},{"start":{"line":292,"column":8},"end":{"line":292,"column":8}}]},"21":{"line":297,"type":"if","locations":[{"start":{"line":297,"column":8},"end":{"line":297,"column":8}},{"start":{"line":297,"column":8},"end":{"line":297,"column":8}}]}}},
"contracts/RubiconMarket.sol":{"l":{"40":0,"41":0,"48":0,"49":0,"56":0,"57":0,"61":0,"62":0,"66":0,"67":0,"69":0,"76":0,"83":0,"86":0,"89":0,"93":0,"96":0,"99":0,"102":0,"109":0,"112":0,"115":0,"118":0,"137":0,"139":0,"140":0,"142":0,"143":0,"235":0,"236":0,"240":0,"241":0,"242":0,"246":0,"250":0,"251":0,"252":0,"253":0,"257":0,"261":0,"265":0,"266":0,"276":0,"277":0,"297":0,"298":0,"300":0,"301":0,"304":0,"307":0,"310":0,"311":0,"312":0,"313":0,"315":0,"316":0,"327":0,"329":0,"330":0,"333":0,"344":0,"345":0,"347":0,"349":0,"350":0,"361":0,"367":0,"379":0,"389":0,"390":0,"391":0,"392":0,"393":0,"394":0,"395":0,"397":0,"398":0,"399":0,"400":0,"401":0,"402":0,"403":0,"404":0,"405":0,"407":0,"409":0,"410":0,"425":0,"445":0,"446":0,"451":0,"452":0,"453":0,"458":0,"459":0,"460":0,"466":0,"470":0,"474":0,"478":0,"493":0,"494":0,"495":0,"497":0,"503":0,"505":0,"542":0,"543":0,"547":0,"561":0,"565":0,"569":0,"595":0,"596":0,"597":0,"612":0,"627":0,"628":0,"630":0,"631":0,"633":0,"642":0,"643":0,"644":0,"653":0,"654":0,"655":0,"656":0,"658":0,"661":0,"673":0,"674":0,"675":0,"677":0,"678":0,"679":0,"680":0,"689":0,"690":0,"691":0,"692":0,"693":0,"710":0,"711":0,"712":0,"723":0,"728":0,"729":0,"730":0,"741":0,"742":0,"743":0,"750":0,"758":0,"767":0,"772":0,"781":0,"787":0,"791":0,"800":0,"801":0,"802":0,"803":0,"804":0,"807":0,"808":0,"810":0,"811":0,"812":0,"813":0,"815":0,"816":0,"817":0,"818":0,"821":0,"828":0,"829":0,"830":0,"831":0,"832":0,"835":0,"836":0,"838":0,"839":0,"840":0,"841":0,"843":0,"844":0,"845":0,"848":0,"852":0,"853":0,"854":0,"855":0,"856":0,"857":0,"858":0,"861":0,"865":0,"866":0,"867":0,"868":0,"869":0,"870":0,"871":0,"874":0,"883":0,"884":0,"885":0,"887":0,"889":0,"892":0,"894":0,"895":0,"896":0,"898":0,"907":0,"909":0,"910":0,"911":0,"912":0,"915":0,"916":0,"917":0,"919":0,"928":0,"931":0,"932":0,"935":0,"937":0,"942":0,"943":0,"947":0,"948":0,"949":0,"951":0,"955":0,"956":0,"958":0,"972":0,"990":0,"991":0,"992":0,"993":0,"996":0,"997":0,"998":0,"999":0,"1007":0,"1010":0,"1014":0,"1015":0,"1016":0,"1017":0,"1019":0,"1020":0,"1024":0,"1026":0,"1028":0,"1045":0,"1046":0,"1047":0,"1048":0,"1049":0,"1059":0,"1061":0,"1062":0,"1063":0,"1065":0,"1071":0,"1074":0,"1075":0,"1076":0,"1078":0,"1079":0,"1082":0,"1085":0,"1086":0,"1089":0,"1090":0,"1100":0,"1101":0,"1102":0,"1104":0,"1107":0,"1108":0,"1109":0,"1111":0,"1114":0,"1115":0,"1116":0,"1119":0,"1120":0,"1121":0,"1131":0,"1132":0,"1134":0,"1136":0,"1137":0,"1138":0,"1139":0,"1141":0,"1142":0,"1143":0,"1145":0,"1146":0,"1148":0,"1149":0,"1150":0},"path":"/Users/maxgrok/Desktop/rubicon_protocol/contracts/RubiconMarket.sol","s":{"1":0,"2":0,"3":0,"4":0,"5":0,"6":0,"7":0,"8":0,"9":0,"10":0,"11":0,"12":0,"13":0,"14":0,"15":0,"16":0,"17":0,"18":0,"19":0,"20":0,"21":0,"22":0,"23":0,"24":0,"25":0,"26":0,"27":0,"28":0,"29":0,"30":0,"31":0,"32":0,"33":0,"34":0,"35":0,"36":0,"37":0,"38":0,"39":0,"40":0,"41":0,"42":0,"43":0,"44":0,"45":0,"46":0,"47":0,"48":0,"49":0,"50":0,"51":0,"52":0,"53":0,"54":0,"55":0,"56":0,"57":0,"58":0,"59":0,"60":0,"61":0,"62":0,"63":0,"64":0,"65":0,"66":0,"67":0,"68":0,"69":0,"70":0,"71":0,"72":0,"73":0,"74":0,"75":0,"76":0,"77":0,"78":0,"79":0,"80":0,"81":0,"82":0,"83":0,"84":0,"85":0,"86":0,"87":0,"88":0,"89":0,"90":0,"91":0,"92":0,"93":0,"94":0,"95":0,"96":0,"97":0,"98":0,"99":0,"100":0,"101":0,"102":0,"103":0,"104":0,"105":0,"106":0,"107":0,"108":0,"109":0,"110":0,"111":0,"112":0,"113":0,"114":0,"115":0,"116":0,"117":0,"118":0,"119":0,"120":0,"121":0,"122":0,"123":0,"124":0,"125":0,"126":0,"127":0,"128":0,"129":0,"130":0,"131":0,"132":0,"133":0,"134":0,"135":0,"136":0,"137":0,"138":0,"139":0,"140":0,"141":0,"142":0,"143":0,"144":0,"145":0,"146":0,"147":0,"148":0,"149":0,"150":0,"151":0,"152":0,"153":0,"154":0,"155":0,"156":0,"157":0,"158":0,"159":0,"160":0,"161":0,"162":0,"163":0,"164":0,"165":0,"166":0,"167":0,"168":0,"169":0,"170":0,"171":0,"172":0,"173":0,"174":0,"175":0,"176":0,"177":0,"178":0,"179":0,"180":0,"181":0,"182":0,"183":0,"184":0,"185":0,"186":0,"187":0,"188":0,"189":0,"190":0,"191":0,"192":0,"193":0,"194":0,"195":0,"196":0,"197":0,"198":0,"199":0,"200":0,"201":0,"202":0,"203":0,"204":0,"205":0,"206":0,"207":0,"208":0,"209":0,"210":0,"211":0,"212":0,"213":0,"214":0,"215":0,"216":0,"217":0,"218":0,"219":0,"220":0,"221":0,"222":0,"223":0,"224":0,"225":0,"226":0,"227":0,"228":0,"229":0,"230":0,"231":0,"232":0,"233":0,"234":0,"235":0,"236":0,"237":0,"238":0,"239":0,"240":0,"241":0,"242":0,"243":0,"244":0,"245":0,"246":0,"247":0,"248":0,"249":0,"250":0,"251":0,"252":0,"253":0,"254":0,"255":0,"256":0,"257":0,"258":0,"259":0,"260":0,"261":0,"262":0,"263":0,"264":0,"265":0,"266":0,"267":0,"268":0,"269":0,"270":0,"271":0,"272":0,"273":0,"274":0,"275":0,"276":0,"277":0,"278":0,"279":0,"280":0,"281":0,"282":0,"283":0,"284":0,"285":0,"286":0,"287":0,"288":0,"289":0,"290":0,"291":0},"b":{"1":[0,0],"2":[0,0],"3":[0,0],"4":[0,0],"5":[0,0],"6":[0,0],"7":[0,0],"8":[0,0],"9":[0,0],"10":[0,0],"11":[0,0],"12":[0,0],"13":[0,0],"14":[0,0],"15":[0,0],"16":[0,0],"17":[0,0],"18":[0,0],"19":[0,0],"20":[0,0],"21":[0,0],"22":[0,0],"23":[0,0],"24":[0,0],"25":[0,0],"26":[0,0],"27":[0,0],"28":[0,0],"29":[0,0],"30":[0,0],"31":[0,0],"32":[0,0],"33":[0,0],"34":[0,0],"35":[0,0],"36":[0,0],"37":[0,0],"38":[0,0],"39":[0,0],"40":[0,0],"41":[0,0],"42":[0,0],"43":[0,0],"44":[0,0],"45":[0,0],"46":[0,0],"47":[0,0],"48":[0,0],"49":[0,0],"50":[0,0],"51":[0,0],"52":[0,0],"53":[0,0],"54":[0,0],"55":[0,0],"56":[0,0],"57":[0,0],"58":[0,0],"59":[0,0],"60":[0,0],"61":[0,0],"62":[0,0],"63":[0,0],"64":[0,0],"65":[0,0],"66":[0,0],"67":[0,0],"68":[0,0],"69":[0,0],"70":[0,0],"71":[0,0],"72":[0,0],"73":[0,0],"74":[0,0],"75":[0,0],"76":[0,0],"77":[0,0],"78":[0,0],"79":[0,0],"80":[0,0],"81":[0,0],"82":[0,0],"83":[0,0],"84":[0,0],"85":[0,0],"86":[0,0],"87":[0,0],"88":[0,0],"89":[0,0],"90":[0,0],"91":[0,0]},"f":{"1":0,"2":0,"3":0,"4":0,"5":0,"6":0,"7":0,"8":0,"9":0,"10":0,"11":0,"12":0,"13":0,"14":0,"15":0,"16":0,"17":0,"18":0,"19":0,"20":0,"21":0,"22":0,"23":0,"24":0,"25":0,"26":0,"27":0,"28":0,"29":0,"30":0,"31":0,"32":0,"33":0,"34":0,"35":0,"36":0,"37":0,"38":0,"39":0,"40":0,"41":0,"42":0,"43":0,"44":0,"45":0,"46":0,"47":0,"48":0,"49":0,"50":0,"51":0,"52":0,"53":0,"54":0,"55":0,"56":0,"57":0,"58":0,"59":0,"60":0,"61":0,"62":0,"63":0,"64":0,"65":0,"66":0,"67":0,"68":0,"69":0,"70":0,"71":0,"72":0,"73":0,"74":0,"75":0,"76":0},"fnMap":{"1":{"name":"constructor","line":39,"loc":{"start":{"line":39,"column":4},"end":{"line":42,"column":4}}},"2":{"name":"setOwner","line":46,"loc":{"start":{"line":44,"column":4},"end":{"line":50,"column":4}}},"3":{"name":"setAuthority","line":54,"loc":{"start":{"line":52,"column":4},"end":{"line":58,"column":4}}},"4":{"name":"auth","line":60,"loc":{"start":{"line":60,"column":4},"end":{"line":63,"column":4}}},"5":{"name":"isAuthorized","line":65,"loc":{"start":{"line":65,"column":4},"end":{"line":78,"column":4}}},"6":{"name":"add","line":82,"loc":{"start":{"line":82,"column":4},"end":{"line":84,"column":4}}},"7":{"name":"sub","line":85,"loc":{"start":{"line":85,"column":4},"end":{"line":87,"column":4}}},"8":{"name":"mul","line":88,"loc":{"start":{"line":88,"column":4},"end":{"line":90,"column":4}}},"9":{"name":"min","line":92,"loc":{"start":{"line":92,"column":4},"end":{"line":94,"column":4}}},"10":{"name":"max","line":95,"loc":{"start":{"line":95,"column":4},"end":{"line":97,"column":4}}},"11":{"name":"imin","line":98,"loc":{"start":{"line":98,"column":4},"end":{"line":100,"column":4}}},"12":{"name":"imax","line":101,"loc":{"start":{"line":101,"column":4},"end":{"line":103,"column":4}}},"13":{"name":"wmul","line":108,"loc":{"start":{"line":108,"column":4},"end":{"line":110,"column":4}}},"14":{"name":"rmul","line":111,"loc":{"start":{"line":111,"column":4},"end":{"line":113,"column":4}}},"15":{"name":"wdiv","line":114,"loc":{"start":{"line":114,"column":4},"end":{"line":116,"column":4}}},"16":{"name":"rdiv","line":117,"loc":{"start":{"line":117,"column":4},"end":{"line":119,"column":4}}},"17":{"name":"rpow","line":136,"loc":{"start":{"line":136,"column":4},"end":{"line":146,"column":4}}},"18":{"name":"can_buy","line":234,"loc":{"start":{"line":234,"column":4},"end":{"line":237,"column":4}}},"19":{"name":"can_cancel","line":239,"loc":{"start":{"line":239,"column":4},"end":{"line":243,"column":4}}},"20":{"name":"can_offer","line":245,"loc":{"start":{"line":245,"column":4},"end":{"line":247,"column":4}}},"21":{"name":"synchronized","line":249,"loc":{"start":{"line":249,"column":4},"end":{"line":254,"column":4}}},"22":{"name":"isActive","line":256,"loc":{"start":{"line":256,"column":4},"end":{"line":258,"column":4}}},"23":{"name":"getOwner","line":260,"loc":{"start":{"line":260,"column":4},"end":{"line":262,"column":4}}},"24":{"name":"getOffer","line":264,"loc":{"start":{"line":264,"column":4},"end":{"line":268,"column":4}}},"25":{"name":"bump","line":274,"loc":{"start":{"line":272,"column":4},"end":{"line":287,"column":4}}},"26":{"name":"buy","line":294,"loc":{"start":{"line":291,"column":4},"end":{"line":334,"column":4}}},"27":{"name":"cancel","line":340,"loc":{"start":{"line":337,"column":4},"end":{"line":362,"column":4}}},"28":{"name":"kill","line":364,"loc":{"start":{"line":364,"column":4},"end":{"line":368,"column":4}}},"29":{"name":"make","line":370,"loc":{"start":{"line":370,"column":4},"end":{"line":380,"column":4}}},"30":{"name":"offer","line":386,"loc":{"start":{"line":383,"column":4},"end":{"line":420,"column":4}}},"31":{"name":"take","line":422,"loc":{"start":{"line":422,"column":4},"end":{"line":426,"column":4}}},"32":{"name":"_next_id","line":428,"loc":{"start":{"line":428,"column":4},"end":{"line":433,"column":4}}},"33":{"name":"can_offer","line":444,"loc":{"start":{"line":444,"column":4},"end":{"line":447,"column":4}}},"34":{"name":"can_buy","line":450,"loc":{"start":{"line":450,"column":4},"end":{"line":454,"column":4}}},"35":{"name":"can_cancel","line":457,"loc":{"start":{"line":457,"column":4},"end":{"line":461,"column":4}}},"36":{"name":"constructor","line":463,"loc":{"start":{"line":463,"column":4},"end":{"line":467,"column":4}}},"37":{"name":"isClosed","line":469,"loc":{"start":{"line":469,"column":4},"end":{"line":471,"column":4}}},"38":{"name":"getTime","line":473,"loc":{"start":{"line":473,"column":4},"end":{"line":475,"column":4}}},"39":{"name":"stop","line":477,"loc":{"start":{"line":477,"column":4},"end":{"line":479,"column":4}}},"40":{"name":"note","line":492,"loc":{"start":{"line":492,"column":4},"end":{"line":506,"column":4}}},"41":{"name":"constructor","line":537,"loc":{"start":{"line":537,"column":4},"end":{"line":538,"column":4}}},"42":{"name":"can_cancel","line":541,"loc":{"start":{"line":541,"column":4},"end":{"line":548,"column":4}}},"43":{"name":"make","line":552,"loc":{"start":{"line":552,"column":4},"end":{"line":562,"column":4}}},"44":{"name":"take","line":564,"loc":{"start":{"line":564,"column":4},"end":{"line":566,"column":4}}},"45":{"name":"kill","line":568,"loc":{"start":{"line":568,"column":4},"end":{"line":570,"column":4}}},"46":{"name":"offer","line":586,"loc":{"start":{"line":586,"column":4},"end":{"line":598,"column":4}}},"47":{"name":"offer","line":609,"loc":{"start":{"line":601,"column":4},"end":{"line":613,"column":4}}},"48":{"name":"offer","line":624,"loc":{"start":{"line":615,"column":4},"end":{"line":634,"column":4}}},"49":{"name":"buy","line":639,"loc":{"start":{"line":637,"column":4},"end":{"line":645,"column":4}}},"50":{"name":"cancel","line":650,"loc":{"start":{"line":648,"column":4},"end":{"line":662,"column":4}}},"51":{"name":"insert","line":666,"loc":{"start":{"line":666,"column":4},"end":{"line":681,"column":4}}},"52":{"name":"del_rank","line":685,"loc":{"start":{"line":685,"column":4},"end":{"line":694,"column":4}}},"53":{"name":"setMinSell","line":707,"loc":{"start":{"line":701,"column":4},"end":{"line":713,"column":4}}},"54":{"name":"getMinSell","line":716,"loc":{"start":{"line":716,"column":4},"end":{"line":724,"column":4}}},"55":{"name":"setBuyEnabled","line":727,"loc":{"start":{"line":727,"column":4},"end":{"line":731,"column":4}}},"56":{"name":"setMatchingEnabled","line":740,"loc":{"start":{"line":740,"column":4},"end":{"line":744,"column":4}}},"57":{"name":"getBestOffer","line":749,"loc":{"start":{"line":749,"column":4},"end":{"line":751,"column":4}}},"58":{"name":"getWorseOffer","line":757,"loc":{"start":{"line":757,"column":4},"end":{"line":759,"column":4}}},"59":{"name":"getBetterOffer","line":765,"loc":{"start":{"line":765,"column":4},"end":{"line":768,"column":4}}},"60":{"name":"getOfferCount","line":771,"loc":{"start":{"line":771,"column":4},"end":{"line":773,"column":4}}},"61":{"name":"getFirstUnsortedOffer","line":780,"loc":{"start":{"line":780,"column":4},"end":{"line":782,"column":4}}},"62":{"name":"getNextUnsortedOffer","line":786,"loc":{"start":{"line":786,"column":4},"end":{"line":788,"column":4}}},"63":{"name":"isOfferSorted","line":790,"loc":{"start":{"line":790,"column":4},"end":{"line":794,"column":4}}},"64":{"name":"sellAllAmount","line":796,"loc":{"start":{"line":796,"column":4},"end":{"line":822,"column":4}}},"65":{"name":"buyAllAmount","line":824,"loc":{"start":{"line":824,"column":4},"end":{"line":849,"column":4}}},"66":{"name":"getBuyAmount","line":851,"loc":{"start":{"line":851,"column":4},"end":{"line":862,"column":4}}},"67":{"name":"getPayAmount","line":864,"loc":{"start":{"line":864,"column":4},"end":{"line":875,"column":4}}},"68":{"name":"_buys","line":879,"loc":{"start":{"line":879,"column":4},"end":{"line":899,"column":4}}},"69":{"name":"_find","line":902,"loc":{"start":{"line":902,"column":4},"end":{"line":920,"column":4}}},"70":{"name":"_findpos","line":923,"loc":{"start":{"line":923,"column":4},"end":{"line":961,"column":4}}},"71":{"name":"_isPricedLtOrEq","line":964,"loc":{"start":{"line":964,"column":4},"end":{"line":974,"column":4}}},"72":{"name":"_matcho","line":979,"loc":{"start":{"line":979,"column":4},"end":{"line":1030,"column":4}}},"73":{"name":"_offeru","line":1036,"loc":{"start":{"line":1036,"column":4},"end":{"line":1050,"column":4}}},"74":{"name":"_sort","line":1053,"loc":{"start":{"line":1053,"column":4},"end":{"line":1091,"column":4}}},"75":{"name":"_unsort","line":1094,"loc":{"start":{"line":1094,"column":4},"end":{"line":1122,"column":4}}},"76":{"name":"_hide","line":1125,"loc":{"start":{"line":1125,"column":4},"end":{"line":1151,"column":4}}}},"statementMap":{"1":{"start":{"line":40,"column":8},"end":{"line":40,"column":25}},"2":{"start":{"line":41,"column":8},"end":{"line":41,"column":36}},"3":{"start":{"line":48,"column":8},"end":{"line":48,"column":21}},"4":{"start":{"line":49,"column":8},"end":{"line":49,"column":31}},"5":{"start":{"line":56,"column":8},"end":{"line":56,"column":29}},"6":{"start":{"line":57,"column":8},"end":{"line":57,"column":48}},"7":{"start":{"line":61,"column":8},"end":{"line":61,"column":73}},"8":{"start":{"line":66,"column":8},"end":{"line":66,"column":1805}},"9":{"start":{"line":67,"column":12},"end":{"line":67,"column":23}},"10":{"start":{"line":68,"column":15},"end":{"line":68,"column":1873}},"11":{"start":{"line":69,"column":12},"end":{"line":69,"column":23}},"12":{"start":{"line":76,"column":10},"end":{"line":76,"column":22}},"13":{"start":{"line":83,"column":8},"end":{"line":83,"column":56}},"14":{"start":{"line":86,"column":8},"end":{"line":86,"column":57}},"15":{"start":{"line":89,"column":8},"end":{"line":89,"column":70}},"16":{"start":{"line":93,"column":8},"end":{"line":93,"column":29}},"17":{"start":{"line":96,"column":8},"end":{"line":96,"column":29}},"18":{"start":{"line":99,"column":8},"end":{"line":99,"column":29}},"19":{"start":{"line":102,"column":8},"end":{"line":102,"column":29}},"20":{"start":{"line":109,"column":8},"end":{"line":109,"column":40}},"21":{"start":{"line":112,"column":8},"end":{"line":112,"column":40}},"22":{"start":{"line":115,"column":8},"end":{"line":115,"column":38}},"23":{"start":{"line":118,"column":8},"end":{"line":118,"column":38}},"24":{"start":{"line":137,"column":8},"end":{"line":137,"column":31}},"25":{"start":{"line":139,"column":8},"end":{"line":139,"column":4190}},"26":{"start":{"line":140,"column":12},"end":{"line":140,"column":25}},"27":{"start":{"line":142,"column":12},"end":{"line":142,"column":4266}},"28":{"start":{"line":143,"column":16},"end":{"line":143,"column":29}},"29":{"start":{"line":235,"column":8},"end":{"line":235,"column":28}},"30":{"start":{"line":240,"column":8},"end":{"line":240,"column":28}},"31":{"start":{"line":241,"column":8},"end":{"line":241,"column":42}},"32":{"start":{"line":250,"column":8},"end":{"line":250,"column":23}},"33":{"start":{"line":251,"column":8},"end":{"line":251,"column":20}},"34":{"start":{"line":253,"column":8},"end":{"line":253,"column":21}},"35":{"start":{"line":257,"column":8},"end":{"line":257,"column":39}},"36":{"start":{"line":261,"column":8},"end":{"line":261,"column":31}},"37":{"start":{"line":265,"column":6},"end":{"line":265,"column":41}},"38":{"start":{"line":266,"column":6},"end":{"line":266,"column":7483}},"39":{"start":{"line":276,"column":8},"end":{"line":276,"column":33}},"40":{"start":{"line":277,"column":8},"end":{"line":277,"column":7704}},"41":{"start":{"line":297,"column":8},"end":{"line":297,"column":43}},"42":{"start":{"line":298,"column":8},"end":{"line":298,"column":65}},"43":{"start":{"line":300,"column":8},"end":{"line":300,"column":39}},"44":{"start":{"line":301,"column":8},"end":{"line":301,"column":45}},"45":{"start":{"line":304,"column":8},"end":{"line":304,"column":8551}},"46":{"start":{"line":307,"column":12},"end":{"line":307,"column":24}},"47":{"start":{"line":310,"column":8},"end":{"line":310,"column":56}},"48":{"start":{"line":311,"column":8},"end":{"line":311,"column":53}},"49":{"start":{"line":312,"column":8},"end":{"line":312,"column":76}},"50":{"start":{"line":313,"column":8},"end":{"line":313,"column":62}},"51":{"start":{"line":315,"column":8},"end":{"line":315,"column":30}},"52":{"start":{"line":316,"column":8},"end":{"line":316,"column":8997}},"53":{"start":{"line":327,"column":8},"end":{"line":327,"column":86}},"54":{"start":{"line":329,"column":8},"end":{"line":329,"column":9400}},"55":{"start":{"line":333,"column":8},"end":{"line":333,"column":19}},"56":{"start":{"line":344,"column":8},"end":{"line":344,"column":43}},"57":{"start":{"line":347,"column":8},"end":{"line":347,"column":68}},"58":{"start":{"line":349,"column":8},"end":{"line":349,"column":30}},"59":{"start":{"line":350,"column":8},"end":{"line":350,"column":9932}},"60":{"start":{"line":361,"column":8},"end":{"line":361,"column":21}},"61":{"start":{"line":367,"column":8},"end":{"line":367,"column":35}},"62":{"start":{"line":379,"column":8},"end":{"line":379,"column":65}},"63":{"start":{"line":389,"column":8},"end":{"line":389,"column":43}},"64":{"start":{"line":390,"column":8},"end":{"line":390,"column":43}},"65":{"start":{"line":391,"column":8},"end":{"line":391,"column":27}},"66":{"start":{"line":392,"column":8},"end":{"line":392,"column":37}},"67":{"start":{"line":393,"column":8},"end":{"line":393,"column":27}},"68":{"start":{"line":394,"column":8},"end":{"line":394,"column":37}},"69":{"start":{"line":395,"column":8},"end":{"line":395,"column":34}},"70":{"start":{"line":397,"column":8},"end":{"line":397,"column":29}},"71":{"start":{"line":398,"column":8},"end":{"line":398,"column":29}},"72":{"start":{"line":399,"column":8},"end":{"line":399,"column":29}},"73":{"start":{"line":400,"column":8},"end":{"line":400,"column":29}},"74":{"start":{"line":401,"column":8},"end":{"line":401,"column":29}},"75":{"start":{"line":402,"column":8},"end":{"line":402,"column":30}},"76":{"start":{"line":403,"column":8},"end":{"line":403,"column":35}},"77":{"start":{"line":404,"column":8},"end":{"line":404,"column":22}},"78":{"start":{"line":405,"column":8},"end":{"line":405,"column":24}},"79":{"start":{"line":407,"column":8},"end":{"line":407,"column":74}},"80":{"start":{"line":409,"column":8},"end":{"line":409,"column":30}},"81":{"start":{"line":410,"column":8},"end":{"line":410,"column":11515}},"82":{"start":{"line":425,"column":8},"end":{"line":425,"column":47}},"83":{"start":{"line":432,"column":25},"end":{"line":432,"column":45}},"84":{"start":{"line":445,"column":8},"end":{"line":445,"column":27}},"85":{"start":{"line":451,"column":8},"end":{"line":451,"column":28}},"86":{"start":{"line":452,"column":8},"end":{"line":452,"column":27}},"87":{"start":{"line":458,"column":8},"end":{"line":458,"column":28}},"88":{"start":{"line":459,"column":8},"end":{"line":459,"column":58}},"89":{"start":{"line":466,"column":8},"end":{"line":466,"column":31}},"90":{"start":{"line":470,"column":8},"end":{"line":470,"column":48}},"91":{"start":{"line":474,"column":8},"end":{"line":474,"column":26}},"92":{"start":{"line":478,"column":8},"end":{"line":478,"column":21}},"93":{"start":{"line":493,"column":8},"end":{"line":493,"column":19}},"94":{"start":{"line":494,"column":8},"end":{"line":494,"column":19}},"95":{"start":{"line":495,"column":8},"end":{"line":495,"column":19}},"96":{"start":{"line":503,"column":8},"end":{"line":503,"column":66}},"97":{"start":{"line":542,"column":8},"end":{"line":542,"column":77}},"98":{"start":{"line":543,"column":8},"end":{"line":543,"column":15446}},"99":{"start":{"line":561,"column":8},"end":{"line":561,"column":65}},"100":{"start":{"line":565,"column":8},"end":{"line":565,"column":47}},"101":{"start":{"line":569,"column":8},"end":{"line":569,"column":35}},"102":{"start":{"line":595,"column":8},"end":{"line":595,"column":45}},"103":{"start":{"line":596,"column":8},"end":{"line":596,"column":109}},"104":{"start":{"line":597,"column":8},"end":{"line":597,"column":53}},"105":{"start":{"line":612,"column":8},"end":{"line":612,"column":67}},"106":{"start":{"line":627,"column":8},"end":{"line":627,"column":45}},"107":{"start":{"line":628,"column":8},"end":{"line":628,"column":50}},"108":{"start":{"line":630,"column":8},"end":{"line":630,"column":18293}},"109":{"start":{"line":631,"column":10},"end":{"line":631,"column":75}},"110":{"start":{"line":633,"column":8},"end":{"line":633,"column":62}},"111":{"start":{"line":642,"column":8},"end":{"line":642,"column":45}},"112":{"start":{"line":643,"column":8},"end":{"line":643,"column":90}},"113":{"start":{"line":644,"column":8},"end":{"line":644,"column":29}},"114":{"start":{"line":653,"column":8},"end":{"line":653,"column":45}},"115":{"start":{"line":654,"column":8},"end":{"line":654,"column":19167}},"116":{"start":{"line":655,"column":12},"end":{"line":655,"column":19206}},"117":{"start":{"line":656,"column":16},"end":{"line":656,"column":35}},"118":{"start":{"line":658,"column":16},"end":{"line":658,"column":33}},"119":{"start":{"line":661,"column":8},"end":{"line":661,"column":31}},"120":{"start":{"line":673,"column":8},"end":{"line":673,"column":45}},"121":{"start":{"line":674,"column":8},"end":{"line":674,"column":34}},"122":{"start":{"line":675,"column":8},"end":{"line":675,"column":28}},"123":{"start":{"line":677,"column":8},"end":{"line":677,"column":16}},"124":{"start":{"line":678,"column":8},"end":{"line":678,"column":21}},"125":{"start":{"line":679,"column":8},"end":{"line":679,"column":38}},"126":{"start":{"line":680,"column":8},"end":{"line":680,"column":19}},"127":{"start":{"line":689,"column":8},"end":{"line":689,"column":45}},"128":{"start":{"line":690,"column":8},"end":{"line":690,"column":90}},"129":{"start":{"line":692,"column":8},"end":{"line":692,"column":38}},"130":{"start":{"line":693,"column":8},"end":{"line":693,"column":19}},"131":{"start":{"line":710,"column":8},"end":{"line":710,"column":37}},"132":{"start":{"line":711,"column":8},"end":{"line":711,"column":47}},"133":{"start":{"line":712,"column":8},"end":{"line":712,"column":19}},"134":{"start":{"line":723,"column":8},"end":{"line":723,"column":38}},"135":{"start":{"line":728,"column":8},"end":{"line":728,"column":31}},"136":{"start":{"line":729,"column":8},"end":{"line":729,"column":38}},"137":{"start":{"line":730,"column":8},"end":{"line":730,"column":19}},"138":{"start":{"line":741,"column":8},"end":{"line":741,"column":41}},"139":{"start":{"line":742,"column":8},"end":{"line":742,"column":48}},"140":{"start":{"line":743,"column":8},"end":{"line":743,"column":19}},"141":{"start":{"line":750,"column":8},"end":{"line":750,"column":57}},"142":{"start":{"line":758,"column":8},"end":{"line":758,"column":29}},"143":{"start":{"line":767,"column":8},"end":{"line":767,"column":29}},"144":{"start":{"line":772,"column":8},"end":{"line":772,"column":57}},"145":{"start":{"line":781,"column":8},"end":{"line":781,"column":20}},"146":{"start":{"line":787,"column":8},"end":{"line":787,"column":24}},"147":{"start":{"line":791,"column":8},"end":{"line":791,"column":24303}},"148":{"start":{"line":800,"column":8},"end":{"line":800,"column":45}},"149":{"start":{"line":801,"column":8},"end":{"line":801,"column":20}},"150":{"start":{"line":802,"column":8},"end":{"line":802,"column":24609}},"151":{"start":{"line":803,"column":12},"end":{"line":803,"column":51}},"152":{"start":{"line":804,"column":12},"end":{"line":804,"column":32}},"153":{"start":{"line":807,"column":12},"end":{"line":807,"column":24982}},"154":{"start":{"line":810,"column":12},"end":{"line":810,"column":25184}},"155":{"start":{"line":811,"column":16},"end":{"line":811,"column":64}},"156":{"start":{"line":812,"column":16},"end":{"line":812,"column":62}},"157":{"start":{"line":813,"column":16},"end":{"line":813,"column":71}},"158":{"start":{"line":815,"column":16},"end":{"line":815,"column":120}},"159":{"start":{"line":816,"column":16},"end":{"line":816,"column":45}},"160":{"start":{"line":817,"column":16},"end":{"line":817,"column":52}},"161":{"start":{"line":818,"column":16},"end":{"line":818,"column":26}},"162":{"start":{"line":821,"column":8},"end":{"line":821,"column":43}},"163":{"start":{"line":828,"column":8},"end":{"line":828,"column":45}},"164":{"start":{"line":829,"column":8},"end":{"line":829,"column":20}},"165":{"start":{"line":830,"column":8},"end":{"line":830,"column":26356}},"166":{"start":{"line":831,"column":12},"end":{"line":831,"column":51}},"167":{"start":{"line":832,"column":12},"end":{"line":832,"column":32}},"168":{"start":{"line":835,"column":12},"end":{"line":835,"column":26674}},"169":{"start":{"line":838,"column":12},"end":{"line":838,"column":26876}},"170":{"start":{"line":839,"column":16},"end":{"line":839,"column":64}},"171":{"start":{"line":840,"column":16},"end":{"line":840,"column":62}},"172":{"start":{"line":841,"column":16},"end":{"line":841,"column":71}},"173":{"start":{"line":843,"column":16},"end":{"line":843,"column":130}},"174":{"start":{"line":844,"column":16},"end":{"line":844,"column":55}},"175":{"start":{"line":845,"column":16},"end":{"line":845,"column":26}},"176":{"start":{"line":848,"column":8},"end":{"line":848,"column":43}},"177":{"start":{"line":852,"column":8},"end":{"line":852,"column":56}},"178":{"start":{"line":853,"column":8
[...]
:{"line":1295,"column":8},"end":{"line":1295,"column":8}}]},"43":{"line":1303,"type":"if","locations":[{"start":{"line":1303,"column":8},"end":{"line":1303,"column":8}},{"start":{"line":1303,"column":8},"end":{"line":1303,"column":8}}]},"44":{"line":1308,"type":"if","locations":[{"start":{"line":1308,"column":8},"end":{"line":1308,"column":8}},{"start":{"line":1308,"column":8},"end":{"line":1308,"column":8}}]},"45":{"line":1320,"type":"if","locations":[{"start":{"line":1320,"column":8},"end":{"line":1320,"column":8}},{"start":{"line":1320,"column":8},"end":{"line":1320,"column":8}}]},"46":{"line":1331,"type":"if","locations":[{"start":{"line":1331,"column":8},"end":{"line":1331,"column":8}},{"start":{"line":1331,"column":8},"end":{"line":1331,"column":8}}]},"47":{"line":1341,"type":"if","locations":[{"start":{"line":1341,"column":8},"end":{"line":1341,"column":8}},{"start":{"line":1341,"column":8},"end":{"line":1341,"column":8}}]},"48":{"line":1358,"type":"if","locations":[{"start":{"line":1358,"column":12},"end":{"line":1358,"column":12}},{"start":{"line":1358,"column":12},"end":{"line":1358,"column":12}}]},"49":{"line":1363,"type":"if","locations":[{"start":{"line":1363,"column":12},"end":{"line":1363,"column":12}},{"start":{"line":1363,"column":12},"end":{"line":1363,"column":12}}]},"50":{"line":1404,"type":"if","locations":[{"start":{"line":1404,"column":8},"end":{"line":1404,"column":8}},{"start":{"line":1404,"column":8},"end":{"line":1404,"column":8}}]},"51":{"line":1405,"type":"if","locations":[{"start":{"line":1405,"column":8},"end":{"line":1405,"column":8}},{"start":{"line":1405,"column":8},"end":{"line":1405,"column":8}}]},"52":{"line":1414,"type":"if","locations":[{"start":{"line":1414,"column":8},"end":{"line":1414,"column":8}},{"start":{"line":1414,"column":8},"end":{"line":1414,"column":8}}]},"53":{"line":1425,"type":"if","locations":[{"start":{"line":1425,"column":8},"end":{"line":1425,"column":8}},{"start":{"line":1425,"column":8},"end":{"line":1425,"column":8}}]},"54":{"line":1430,"type":"if","locations":[{"start":{"line":1430,"column":8},"end":{"line":1430,"column":8}},{"start":{"line":1430,"column":8},"end":{"line":1430,"column":8}}]},"55":{"line":1435,"type":"if","locations":[{"start":{"line":1435,"column":8},"end":{"line":1435,"column":8}},{"start":{"line":1435,"column":8},"end":{"line":1435,"column":8}}]},"56":{"line":1440,"type":"if","locations":[{"start":{"line":1440,"column":8},"end":{"line":1440,"column":8}},{"start":{"line":1440,"column":8},"end":{"line":1440,"column":8}}]},"57":{"line":1445,"type":"if","locations":[{"start":{"line":1445,"column":8},"end":{"line":1445,"column":8}},{"start":{"line":1445,"column":8},"end":{"line":1445,"column":8}}]},"58":{"line":1473,"type":"if","locations":[{"start":{"line":1473,"column":8},"end":{"line":1473,"column":8}},{"start":{"line":1473,"column":8},"end":{"line":1473,"column":8}}]},"59":{"line":1500,"type":"if","locations":[{"start":{"line":1500,"column":8},"end":{"line":1500,"column":8}},{"start":{"line":1500,"column":8},"end":{"line":1500,"column":8}}]},"60":{"line":1505,"type":"if","locations":[{"start":{"line":1505,"column":8},"end":{"line":1505,"column":8}},{"start":{"line":1505,"column":8},"end":{"line":1505,"column":8}}]},"61":{"line":1513,"type":"if","locations":[{"start":{"line":1513,"column":8},"end":{"line":1513,"column":8}},{"start":{"line":1513,"column":8},"end":{"line":1513,"column":8}}]},"62":{"line":1522,"type":"if","locations":[{"start":{"line":1522,"column":8},"end":{"line":1522,"column":8}},{"start":{"line":1522,"column":8},"end":{"line":1522,"column":8}}]},"63":{"line":1527,"type":"if","locations":[{"start":{"line":1527,"column":8},"end":{"line":1527,"column":8}},{"start":{"line":1527,"column":8},"end":{"line":1527,"column":8}}]},"64":{"line":1537,"type":"if","locations":[{"start":{"line":1537,"column":8},"end":{"line":1537,"column":8}},{"start":{"line":1537,"column":8},"end":{"line":1537,"column":8}}]},"65":{"line":1542,"type":"if","locations":[{"start":{"line":1542,"column":8},"end":{"line":1542,"column":8}},{"start":{"line":1542,"column":8},"end":{"line":1542,"column":8}}]},"66":{"line":1558,"type":"if","locations":[{"start":{"line":1558,"column":8},"end":{"line":1558,"column":8}},{"start":{"line":1558,"column":8},"end":{"line":1558,"column":8}}]},"67":{"line":1584,"type":"if","locations":[{"start":{"line":1584,"column":8},"end":{"line":1584,"column":8}},{"start":{"line":1584,"column":8},"end":{"line":1584,"column":8}}]},"68":{"line":1600,"type":"if","locations":[{"start":{"line":1600,"column":8},"end":{"line":1600,"column":8}},{"start":{"line":1600,"column":8},"end":{"line":1600,"column":8}}]},"69":{"line":1627,"type":"if","locations":[{"start":{"line":1627,"column":8},"end":{"line":1627,"column":8}},{"start":{"line":1627,"column":8},"end":{"line":1627,"column":8}}]},"70":{"line":1633,"type":"if","locations":[{"start":{"line":1633,"column":8},"end":{"line":1633,"column":8}},{"start":{"line":1633,"column":8},"end":{"line":1633,"column":8}}]},"71":{"line":1638,"type":"if","locations":[{"start":{"line":1638,"column":8},"end":{"line":1638,"column":8}},{"start":{"line":1638,"column":8},"end":{"line":1638,"column":8}}]},"72":{"line":1647,"type":"if","locations":[{"start":{"line":1647,"column":12},"end":{"line":1647,"column":12}},{"start":{"line":1647,"column":12},"end":{"line":1647,"column":12}}]},"73":{"line":1658,"type":"if","locations":[{"start":{"line":1658,"column":12},"end":{"line":1658,"column":12}},{"start":{"line":1658,"column":12},"end":{"line":1658,"column":12}}]},"74":{"line":1667,"type":"if","locations":[{"start":{"line":1667,"column":8},"end":{"line":1667,"column":8}},{"start":{"line":1667,"column":8},"end":{"line":1667,"column":8}}]},"75":{"line":1672,"type":"if","locations":[{"start":{"line":1672,"column":8},"end":{"line":1672,"column":8}},{"start":{"line":1672,"column":8},"end":{"line":1672,"column":8}}]},"76":{"line":1682,"type":"if","locations":[{"start":{"line":1682,"column":8},"end":{"line":1682,"column":8}},{"start":{"line":1682,"column":8},"end":{"line":1682,"column":8}}]},"77":{"line":1687,"type":"if","locations":[{"start":{"line":1687,"column":8},"end":{"line":1687,"column":8}},{"start":{"line":1687,"column":8},"end":{"line":1687,"column":8}}]},"78":{"line":1692,"type":"if","locations":[{"start":{"line":1692,"column":8},"end":{"line":1692,"column":8}},{"start":{"line":1692,"column":8},"end":{"line":1692,"column":8}}]},"79":{"line":1708,"type":"if","locations":[{"start":{"line":1708,"column":8},"end":{"line":1708,"column":8}},{"start":{"line":1708,"column":8},"end":{"line":1708,"column":8}}]},"80":{"line":1731,"type":"if","locations":[{"start":{"line":1731,"column":8},"end":{"line":1731,"column":8}},{"start":{"line":1731,"column":8},"end":{"line":1731,"column":8}}]},"81":{"line":1755,"type":"if","locations":[{"start":{"line":1755,"column":8},"end":{"line":1755,"column":8}},{"start":{"line":1755,"column":8},"end":{"line":1755,"column":8}}]},"82":{"line":1760,"type":"if","locations":[{"start":{"line":1760,"column":8},"end":{"line":1760,"column":8}},{"start":{"line":1760,"column":8},"end":{"line":1760,"column":8}}]},"83":{"line":1765,"type":"if","locations":[{"start":{"line":1765,"column":8},"end":{"line":1765,"column":8}},{"start":{"line":1765,"column":8},"end":{"line":1765,"column":8}}]},"84":{"line":1777,"type":"if","locations":[{"start":{"line":1777,"column":8},"end":{"line":1777,"column":8}},{"start":{"line":1777,"column":8},"end":{"line":1777,"column":8}}]},"85":{"line":1782,"type":"if","locations":[{"start":{"line":1782,"column":8},"end":{"line":1782,"column":8}},{"start":{"line":1782,"column":8},"end":{"line":1782,"column":8}}]},"86":{"line":1787,"type":"if","locations":[{"start":{"line":1787,"column":8},"end":{"line":1787,"column":8}},{"start":{"line":1787,"column":8},"end":{"line":1787,"column":8}}]},"87":{"line":1803,"type":"if","locations":[{"start":{"line":1803,"column":8},"end":{"line":1803,"column":8}},{"start":{"line":1803,"column":8},"end":{"line":1803,"column":8}}]},"88":{"line":1826,"type":"if","locations":[{"start":{"line":1826,"column":8},"end":{"line":1826,"column":8}},{"start":{"line":1826,"column":8},"end":{"line":1826,"column":8}}]},"89":{"line":1842,"type":"if","locations":[{"start":{"line":1842,"column":8},"end":{"line":1842,"column":8}},{"start":{"line":1842,"column":8},"end":{"line":1842,"column":8}}]},"90":{"line":1870,"type":"if","locations":[{"start":{"line":1870,"column":8},"end":{"line":1870,"column":8}},{"start":{"line":1870,"column":8},"end":{"line":1870,"column":8}}]},"91":{"line":1875,"type":"if","locations":[{"start":{"line":1875,"column":8},"end":{"line":1875,"column":8}},{"start":{"line":1875,"column":8},"end":{"line":1875,"column":8}}]},"92":{"line":1886,"type":"if","locations":[{"start":{"line":1886,"column":8},"end":{"line":1886,"column":8}},{"start":{"line":1886,"column":8},"end":{"line":1886,"column":8}}]},"93":{"line":1891,"type":"if","locations":[{"start":{"line":1891,"column":8},"end":{"line":1891,"column":8}},{"start":{"line":1891,"column":8},"end":{"line":1891,"column":8}}]},"94":{"line":1899,"type":"if","locations":[{"start":{"line":1899,"column":8},"end":{"line":1899,"column":8}},{"start":{"line":1899,"column":8},"end":{"line":1899,"column":8}}]},"95":{"line":1909,"type":"if","locations":[{"start":{"line":1909,"column":8},"end":{"line":1909,"column":8}},{"start":{"line":1909,"column":8},"end":{"line":1909,"column":8}}]},"96":{"line":1914,"type":"if","locations":[{"start":{"line":1914,"column":8},"end":{"line":1914,"column":8}},{"start":{"line":1914,"column":8},"end":{"line":1914,"column":8}}]},"97":{"line":1930,"type":"if","locations":[{"start":{"line":1930,"column":8},"end":{"line":1930,"column":8}},{"start":{"line":1930,"column":8},"end":{"line":1930,"column":8}}]},"98":{"line":1956,"type":"if","locations":[{"start":{"line":1956,"column":8},"end":{"line":1956,"column":8}},{"start":{"line":1956,"column":8},"end":{"line":1956,"column":8}}]},"99":{"line":1962,"type":"if","locations":[{"start":{"line":1962,"column":8},"end":{"line":1962,"column":8}},{"start":{"line":1962,"column":8},"end":{"line":1962,"column":8}}]},"100":{"line":1983,"type":"if","locations":[{"start":{"line":1983,"column":8},"end":{"line":1983,"column":8}},{"start":{"line":1983,"column":8},"end":{"line":1983,"column":8}}]},"101":{"line":1988,"type":"if","locations":[{"start":{"line":1988,"column":8},"end":{"line":1988,"column":8}},{"start":{"line":1988,"column":8},"end":{"line":1988,"column":8}}]},"102":{"line":1993,"type":"if","locations":[{"start":{"line":1993,"column":8},"end":{"line":1993,"column":8}},{"start":{"line":1993,"column":8},"end":{"line":1993,"column":8}}]},"103":{"line":1998,"type":"if","locations":[{"start":{"line":1998,"column":8},"end":{"line":1998,"column":8}},{"start":{"line":1998,"column":8},"end":{"line":1998,"column":8}}]},"104":{"line":2003,"type":"if","locations":[{"start":{"line":2003,"column":8},"end":{"line":2003,"column":8}},{"start":{"line":2003,"column":8},"end":{"line":2003,"column":8}}]},"105":{"line":2008,"type":"if","locations":[{"start":{"line":2008,"column":8},"end":{"line":2008,"column":8}},{"start":{"line":2008,"column":8},"end":{"line":2008,"column":8}}]},"106":{"line":2014,"type":"if","locations":[{"start":{"line":2014,"column":8},"end":{"line":2014,"column":8}},{"start":{"line":2014,"column":8},"end":{"line":2014,"column":8}}]},"107":{"line":2019,"type":"if","locations":[{"start":{"line":2019,"column":8},"end":{"line":2019,"column":8}},{"start":{"line":2019,"column":8},"end":{"line":2019,"column":8}}]},"108":{"line":2025,"type":"if","locations":[{"start":{"line":2025,"column":8},"end":{"line":2025,"column":8}},{"start":{"line":2025,"column":8},"end":{"line":2025,"column":8}}]},"109":{"line":2031,"type":"if","locations":[{"start":{"line":2031,"column":8},"end":{"line":2031,"column":8}},{"start":{"line":2031,"column":8},"end":{"line":2031,"column":8}}]},"110":{"line":2054,"type":"if","locations":[{"start":{"line":2054,"column":8},"end":{"line":2054,"column":8}},{"start":{"line":2054,"column":8},"end":{"line":2054,"column":8}}]},"111":{"line":2059,"type":"if","locations":[{"start":{"line":2059,"column":8},"end":{"line":2059,"column":8}},{"start":{"line":2059,"column":8},"end":{"line":2059,"column":8}}]},"112":{"line":2073,"type":"if","locations":[{"start":{"line":2073,"column":8},"end":{"line":2073,"column":8}},{"start":{"line":2073,"column":8},"end":{"line":2073,"column":8}}]},"113":{"line":2078,"type":"if","locations":[{"start":{"line":2078,"column":8},"end":{"line":2078,"column":8}},{"start":{"line":2078,"column":8},"end":{"line":2078,"column":8}}]},"114":{"line":2112,"type":"if","locations":[{"start":{"line":2112,"column":8},"end":{"line":2112,"column":8}},{"start":{"line":2112,"column":8},"end":{"line":2112,"column":8}}]},"115":{"line":2135,"type":"if","locations":[{"start":{"line":2135,"column":8},"end":{"line":2135,"column":8}},{"start":{"line":2135,"column":8},"end":{"line":2135,"column":8}}]},"116":{"line":2162,"type":"if","locations":[{"start":{"line":2162,"column":8},"end":{"line":2162,"column":8}},{"start":{"line":2162,"column":8},"end":{"line":2162,"column":8}}]},"117":{"line":2168,"type":"if","locations":[{"start":{"line":2168,"column":8},"end":{"line":2168,"column":8}},{"start":{"line":2168,"column":8},"end":{"line":2168,"column":8}}]},"118":{"line":2186,"type":"if","locations":[{"start":{"line":2186,"column":8},"end":{"line":2186,"column":8}},{"start":{"line":2186,"column":8},"end":{"line":2186,"column":8}}]},"119":{"line":2201,"type":"if","locations":[{"start":{"line":2201,"column":8},"end":{"line":2201,"column":8}},{"start":{"line":2201,"column":8},"end":{"line":2201,"column":8}}]},"120":{"line":2206,"type":"if","locations":[{"start":{"line":2206,"column":8},"end":{"line":2206,"column":8}},{"start":{"line":2206,"column":8},"end":{"line":2206,"column":8}}]},"121":{"line":2212,"type":"if","locations":[{"start":{"line":2212,"column":8},"end":{"line":2212,"column":8}},{"start":{"line":2212,"column":8},"end":{"line":2212,"column":8}}]},"122":{"line":2231,"type":"if","locations":[{"start":{"line":2231,"column":8},"end":{"line":2231,"column":8}},{"start":{"line":2231,"column":8},"end":{"line":2231,"column":8}}]},"123":{"line":2251,"type":"if","locations":[{"start":{"line":2251,"column":8},"end":{"line":2251,"column":8}},{"start":{"line":2251,"column":8},"end":{"line":2251,"column":8}}]},"124":{"line":2256,"type":"if","locations":[{"start":{"line":2256,"column":8},"end":{"line":2256,"column":8}},{"start":{"line":2256,"column":8},"end":{"line":2256,"column":8}}]},"125":{"line":2262,"type":"if","locations":[{"start":{"line":2262,"column":8},"end":{"line":2262,"column":8}},{"start":{"line":2262,"column":8},"end":{"line":2262,"column":8}}]},"126":{"line":2268,"type":"if","locations":[{"start":{"line":2268,"column":8},"end":{"line":2268,"column":8}},{"start":{"line":2268,"column":8},"end":{"line":2268,"column":8}}]},"127":{"line":2278,"type":"if","locations":[{"start":{"line":2278,"column":8},"end":{"line":2278,"column":8}},{"start":{"line":2278,"column":8},"end":{"line":2278,"column":8}}]},"128":{"line":2286,"type":"if","locations":[{"start":{"line":2286,"column":8},"end":{"line":2286,"column":8}},{"start":{"line":2286,"column":8},"end":{"line":2286,"column":8}}]},"129":{"line":2301,"type":"if","locations":[{"start":{"line":2301,"column":8},"end":{"line":2301,"column":8}},{"start":{"line":2301,"column":8},"end":{"line":2301,"column":8}}]},"130":{"line":2321,"type":"if","locations":[{"start":{"line":2321,"column":8},"end":{"line":2321,"column":8}},{"start":{"line":2321,"column":8},"end":{"line":2321,"column":8}}]},"131":{"line":2326,"type":"if","locations":[{"start":{"line":2326,"column":8},"end":{"line":2326,"column":8}},{"start":{"line":2326,"column":8},"end":{"line":2326,"column":8}}]},"132":{"line":2335,"type":"if","locations":[{"start":{"line":2335,"column":8},"end":{"line":2335,"column":8}},{"start":{"line":2335,"column":8},"end":{"line":2335,"column":8}}]},"133":{"line":2494,"type":"if","locations":[{"start":{"line":2494,"column":8},"end":{"line":2494,"column":8}},{"start":{"line":2494,"column":8},"end":{"line":2494,"column":8}}]},"134":{"line":2514,"type":"if","locations":[{"start":{"line":2514,"column":8},"end":{"line":2514,"column":8}},{"start":{"line":2514,"column":8},"end":{"line":2514,"column":8}}]},"135":{"line":2543,"type":"if","locations":[{"start":{"line":2543,"column":8},"end":{"line":2543,"column":8}},{"start":{"line":2543,"column":8},"end":{"line":2543,"column":8}}]},"136":{"line":2566,"type":"if","locations":[{"start":{"line":2566,"column":8},"end":{"line":2566,"column":8}},{"start":{"line":2566,"column":8},"end":{"line":2566,"column":8}}]}}},
"contracts/WETH9.sol":{"l":{"37":0,"40":0,"41":0,"44":0,"45":0,"46":0,"47":0,"51":0,"55":0,"56":0,"57":0,"61":0,"68":0,"70":0,"71":0,"72":0,"75":0,"76":0,"78":0,"80":0},"path":"/Users/maxgrok/Desktop/rubicon_protocol/contracts/WETH9.sol","s":{"1":0,"2":0,"3":0,"4":0,"5":0,"6":0,"7":0,"8":0,"9":0,"10":0,"11":0,"12":0,"13":0,"14":0,"15":0,"16":0,"17":0,"18":0,"19":0,"20":0},"b":{"1":[0,0],"2":[0,0],"3":[0,0],"4":[0,0]},"f":{"1":0,"2":0,"3":0,"4":0,"5":0,"6":0,"7":0},"fnMap":{"1":{"name":"","line":36,"loc":{"start":{"line":36,"column":4},"end":{"line":38,"column":4}}},"2":{"name":"deposit","line":39,"loc":{"start":{"line":39,"column":4},"end":{"line":42,"column":4}}},"3":{"name":"withdraw","line":43,"loc":{"start":{"line":43,"column":4},"end":{"line":48,"column":4}}},"4":{"name":"totalSupply","line":50,"loc":{"start":{"line":50,"column":4},"end":{"line":52,"column":4}}},"5":{"name":"approve","line":54,"loc":{"start":{"line":54,"column":4},"end":{"line":58,"column":4}}},"6":{"name":"transfer","line":60,"loc":{"start":{"line":60,"column":4},"end":{"line":62,"column":4}}},"7":{"name":"transferFrom","line":64,"loc":{"start":{"line":64,"column":4},"end":{"line":81,"column":4}}}},"statementMap":{"1":{"start":{"line":37,"column":8},"end":{"line":37,"column":16}},"2":{"start":{"line":40,"column":8},"end":{"line":40,"column":41}},"3":{"start":{"line":41,"column":8},"end":{"line":41,"column":43}},"4":{"start":{"line":44,"column":8},"end":{"line":44,"column":44}},"5":{"start":{"line":45,"column":8},"end":{"line":45,"column":35}},"6":{"start":{"line":46,"column":8},"end":{"line":46,"column":31}},"7":{"start":{"line":47,"column":8},"end":{"line":47,"column":40}},"8":{"start":{"line":51,"column":8},"end":{"line":51,"column":36}},"9":{"start":{"line":55,"column":8},"end":{"line":55,"column":39}},"10":{"start":{"line":56,"column":8},"end":{"line":56,"column":43}},"11":{"start":{"line":57,"column":8},"end":{"line":57,"column":19}},"12":{"start":{"line":61,"column":8},"end":{"line":61,"column":49}},"13":{"start":{"line":68,"column":8},"end":{"line":68,"column":37}},"14":{"start":{"line":70,"column":8},"end":{"line":70,"column":2316}},"15":{"start":{"line":71,"column":12},"end":{"line":71,"column":53}},"16":{"start":{"line":72,"column":12},"end":{"line":72,"column":44}},"17":{"start":{"line":75,"column":8},"end":{"line":75,"column":28}},"18":{"start":{"line":76,"column":8},"end":{"line":76,"column":28}},"19":{"start":{"line":78,"column":8},"end":{"line":78,"column":36}},"20":{"start":{"line":80,"column":8},"end":{"line":80,"column":19}}},"branchMap":{"1":{"line":44,"type":"if","locations":[{"start":{"line":44,"column":8},"end":{"line":44,"column":8}},{"start":{"line":44,"column":8},"end":{"line":44,"column":8}}]},"2":{"line":68,"type":"if","locations":[{"start":{"line":68,"column":8},"end":{"line":68,"column":8}},{"start":{"line":68,"column":8},"end":{"line":68,"column":8}}]},"3":{"line":70,"type":"if","locations":[{"start":{"line":70,"column":8},"end":{"line":70,"column":8}},{"start":{"line":70,"column":8},"end":{"line":70,"column":8}}]},"4":{"line":71,"type":"if","locations":[{"start":{"line":71,"column":12},"end":{"line":71,"column":12}},{"start":{"line":71,"column":12},"end":{"line":71,"column":12}}]}}}}
