TN:
SF:/Users/maxgrok/Desktop/rubicon_protocol/contracts/Comp.sol
FN:68,constructor
FN:79,allowance
FN:91,approve
FN:110,balanceOf
FN:120,transfer
FN:133,transferFrom
FN:153,delegate
FN:166,delegateBySig
FN:182,getCurrentVotes
FN:194,getPriorVotes
FN:228,_delegate
FN:238,_transferTokens
FN:249,_moveDelegates
FN:267,_writeCheckpoint
FN:280,safe32
FN:285,safe96
FN:290,add96
FN:296,sub96
FN:301,getChainId
FNF:19
FNH:0
FNDA:0,constructor
FNDA:0,allowance
FNDA:0,approve
FNDA:0,balanceOf
FNDA:0,transfer
FNDA:0,transferFrom
FNDA:0,delegate
FNDA:0,delegateBySig
FNDA:0,getCurrentVotes
FNDA:0,getPriorVotes
FNDA:0,_delegate
FNDA:0,_transferTokens
FNDA:0,_moveDelegates
FNDA:0,_writeCheckpoint
FNDA:0,safe32
FNDA:0,safe96
FNDA:0,add96
FNDA:0,sub96
FNDA:0,getChainId
DA:69,0
DA:70,0
DA:80,0
DA:92,0
DA:93,0
DA:94,0
DA:96,0
DA:99,0
DA:101,0
DA:102,0
DA:111,0
DA:121,0
DA:122,0
DA:123,0
DA:134,0
DA:135,0
DA:136,0
DA:138,0
DA:139,0
DA:140,0
DA:142,0
DA:145,0
DA:146,0
DA:154,0
DA:167,0
DA:168,0
DA:169,0
DA:170,0
DA:171,0
DA:172,0
DA:173,0
DA:174,0
DA:183,0
DA:184,0
DA:195,0
DA:197,0
DA:198,0
DA:199,0
DA:203,0
DA:204,0
DA:208,0
DA:209,0
DA:212,0
DA:213,0
DA:214,0
DA:215,0
DA:216,0
DA:217,0
DA:218,0
DA:220,0
DA:222,0
DA:225,0
DA:229,0
DA:230,0
DA:231,0
DA:233,0
DA:235,0
DA:239,0
DA:240,0
DA:242,0
DA:243,0
DA:244,0
DA:246,0
DA:250,0
DA:251,0
DA:252,0
DA:253,0
DA:254,0
DA:255,0
DA:258,0
DA:259,0
DA:260,0
DA:261,0
DA:262,0
DA:268,0
DA:270,0
DA:271,0
DA:273,0
DA:274,0
DA:277,0
DA:281,0
DA:282,0
DA:286,0
DA:287,0
DA:291,0
DA:292,0
DA:293,0
DA:297,0
DA:298,0
DA:302,0
DA:303,0
DA:304,0
LF:92
LH:0
BRDA:93,1,0,0
BRDA:93,1,1,0
BRDA:138,2,0,0
BRDA:138,2,1,0
BRDA:171,3,0,0
BRDA:171,3,1,0
BRDA:172,4,0,0
BRDA:172,4,1,0
BRDA:173,5,0,0
BRDA:173,5,1,0
BRDA:195,6,0,0
BRDA:195,6,1,0
BRDA:198,7,0,0
BRDA:198,7,1,0
BRDA:203,8,0,0
BRDA:203,8,1,0
BRDA:208,9,0,0
BRDA:208,9,1,0
BRDA:217,10,0,0
BRDA:217,10,1,0
BRDA:219,11,0,0
BRDA:219,11,1,0
BRDA:239,12,0,0
BRDA:239,12,1,0
BRDA:240,13,0,0
BRDA:240,13,1,0
BRDA:250,14,0,0
BRDA:250,14,1,0
BRDA:251,15,0,0
BRDA:251,15,1,0
BRDA:258,16,0,0
BRDA:258,16,1,0
BRDA:270,17,0,0
BRDA:270,17,1,0
BRDA:281,18,0,0
BRDA:281,18,1,0
BRDA:286,19,0,0
BRDA:286,19,1,0
BRDA:292,20,0,0
BRDA:292,20,1,0
BRDA:297,21,0,0
BRDA:297,21,1,0
BRF:42
BRH:0
end_of_record
TN:
SF:/Users/maxgrok/Desktop/rubicon_protocol/contracts/Dai.sol
FN:34,note
FN:77,rely
FN:78,deny
FN:79,auth
FN:99,add
FN:102,sub
FN:111,constructor
FN:123,transfer
FN:126,transferFrom
FN:139,mint
FN:144,burn
FN:154,approve
FN:161,push
FN:164,pull
FN:167,move
FN:172,permit
FNF:16
FNH:0
FNDA:0,note
FNDA:0,rely
FNDA:0,deny
FNDA:0,auth
FNDA:0,add
FNDA:0,sub
FNDA:0,constructor
FNDA:0,transfer
FNDA:0,transferFrom
FNDA:0,mint
FNDA:0,burn
FNDA:0,approve
FNDA:0,push
FNDA:0,pull
FNDA:0,move
FNDA:0,permit
DA:35,0
DA:36,0
DA:80,0
DA:81,0
DA:100,0
DA:103,0
DA:112,0
DA:113,0
DA:124,0
DA:129,0
DA:130,0
DA:131,0
DA:132,0
DA:134,0
DA:135,0
DA:136,0
DA:137,0
DA:140,0
DA:141,0
DA:142,0
DA:145,0
DA:146,0
DA:147,0
DA:148,0
DA:150,0
DA:151,0
DA:152,0
DA:155,0
DA:156,0
DA:157,0
DA:162,0
DA:165,0
DA:168,0
DA:175,0
DA:187,0
DA:188,0
DA:189,0
DA:190,0
DA:191,0
DA:192,0
DA:193,0
LF:41
LH:0
BRDA:80,1,0,0
BRDA:80,1,1,0
BRDA:100,2,0,0
BRDA:100,2,1,0
BRDA:103,3,0,0
BRDA:103,3,1,0
BRDA:129,4,0,0
BRDA:129,4,1,0
BRDA:130,5,0,0
BRDA:130,5,1,0
BRDA:131,6,0,0
BRDA:131,6,1,0
BRDA:145,7,0,0
BRDA:145,7,1,0
BRDA:146,8,0,0
BRDA:146,8,1,0
BRDA:147,9,0,0
BRDA:147,9,1,0
BRDA:187,10,0,0
BRDA:187,10,1,0
BRDA:188,11,0,0
BRDA:188,11,1,0
BRDA:189,12,0,0
BRDA:189,12,1,0
BRDA:190,13,0,0
BRDA:190,13,1,0
BRF:26
BRH:0
end_of_record
TN:
SF:/Users/maxgrok/Desktop/rubicon_protocol/contracts/EquityToken.sol
FN:14,constructor
FNF:1
FNH:0
FNDA:0,constructor
DA:15,0
LF:1
LH:0
BRF:0
BRH:0
end_of_record
TN:
SF:/Users/maxgrok/Desktop/rubicon_protocol/contracts/GovernorAlpha.sol
FN:14,quorumVotes
FN:17,proposalThreshold
FN:20,proposalMaxOperations
FN:23,votingDelay
FN:26,votingPeriod
FN:135,constructor
FN:141,propose
FN:181,queue
FN:192,_queueOrRevert
FN:197,execute
FN:207,cancel
FN:222,getActions
FN:227,getReceipt
FN:231,state
FN:253,castVote
FN:257,castVoteBySig
FN:266,_castVote
FN:286,__acceptAdmin
FN:291,__abdicate
FN:296,__queueSetTimelockPendingAdmin
FN:301,__executeSetTimelockPendingAdmin
FN:306,add256
FN:312,sub256
FN:317,getChainId
FNF:24
FNH:0
FNDA:0,quorumVotes
FNDA:0,proposalThreshold
FNDA:0,proposalMaxOperations
FNDA:0,votingDelay
FNDA:0,votingPeriod
FNDA:0,constructor
FNDA:0,propose
FNDA:0,queue
FNDA:0,_queueOrRevert
FNDA:0,execute
FNDA:0,cancel
FNDA:0,getActions
FNDA:0,getReceipt
FNDA:0,state
FNDA:0,castVote
FNDA:0,castVoteBySig
FNDA:0,_castVote
FNDA:0,__acceptAdmin
FNDA:0,__abdicate
FNDA:0,__queueSetTimelockPendingAdmin
FNDA:0,__executeSetTimelockPendingAdmin
FNDA:0,add256
FNDA:0,sub256
FNDA:0,getChainId
DA:136,0
DA:137,0
DA:138,0
DA:142,0
DA:143,0
DA:144,0
DA:145,0
DA:147,0
DA:148,0
DA:149,0
DA:150,0
DA:151,0
DA:154,0
DA:155,0
DA:157,0
DA:158,0
DA:174,0
DA:175,0
DA:177,0
DA:178,0
DA:182,0
DA:183,0
DA:184,0
DA:185,0
DA:186,0
DA:188,0
DA:189,0
DA:193,0
DA:194,0
DA:198,0
DA:199,0
DA:200,0
DA:201,0
DA:202,0
DA:204,0
DA:208,0
DA:209,0
DA:211,0
DA:212,0
DA:214,0
DA:215,0
DA:216,0
DA:219,0
DA:223,0
DA:224,0
DA:228,0
DA:232,0
DA:233,0
DA:234,0
DA:235,0
DA:237,0
DA:239,0
DA:241,0
DA:243,0
DA:245,0
DA:247,0
DA:249,0
DA:254,0
DA:258,0
DA:259,0
DA:260,0
DA:261,0
DA:262,0
DA:263,0
DA:267,0
DA:268,0
DA:269,0
DA:270,0
DA:271,0
DA:273,0
DA:274,0
DA:276,0
DA:279,0
DA:280,0
DA:281,0
DA:283,0
DA:287,0
DA:288,0
DA:292,0
DA:293,0
DA:297,0
DA:298,0
DA:302,0
DA:303,0
DA:307,0
DA:308,0
DA:309,0
DA:313,0
DA:314,0
DA:318,0
DA:319,0
DA:320,0
LF:92
LH:0
BRDA:142,1,0,0
BRDA:142,1,1,0
BRDA:143,2,0,0
BRDA:143,2,1,0
BRDA:144,3,0,0
BRDA:144,3,1,0
BRDA:145,4,0,0
BRDA:145,4,1,0
BRDA:148,5,0,0
BRDA:148,5,1,0
BRDA:150,6,0,0
BRDA:150,6,1,0
BRDA:151,7,0,0
BRDA:151,7,1,0
BRDA:182,8,0,0
BRDA:182,8,1,0
BRDA:193,9,0,0
BRDA:193,9,1,0
BRDA:198,10,0,0
BRDA:198,10,1,0
BRDA:209,11,0,0
BRDA:209,11,1,0
BRDA:212,12,0,0
BRDA:212,12,1,0
BRDA:232,13,0,0
BRDA:232,13,1,0
BRDA:234,14,0,0
BRDA:234,14,1,0
BRDA:236,15,0,0
BRDA:236,15,1,0
BRDA:238,16,0,0
BRDA:238,16,1,0
BRDA:240,17,0,0
BRDA:240,17,1,0
BRDA:242,18,0,0
BRDA:242,18,1,0
BRDA:244,19,0,0
BRDA:244,19,1,0
BRDA:246,20,0,0
BRDA:246,20,1,0
BRDA:262,21,0,0
BRDA:262,21,1,0
BRDA:267,22,0,0
BRDA:267,22,1,0
BRDA:270,23,0,0
BRDA:270,23,1,0
BRDA:273,24,0,0
BRDA:273,24,1,0
BRDA:287,25,0,0
BRDA:287,25,1,0
BRDA:292,26,0,0
BRDA:292,26,1,0
BRDA:297,27,0,0
BRDA:297,27,1,0
BRDA:302,28,0,0
BRDA:302,28,1,0
BRDA:308,29,0,0
BRDA:308,29,1,0
BRDA:313,30,0,0
BRDA:313,30,1,0
BRF:60
BRH:0
end_of_record
TN:
SF:/Users/maxgrok/Desktop/rubicon_protocol/contracts/RBCN.sol
FN:68,constructor
FN:79,allowance
FN:91,approve
FN:110,balanceOf
FN:120,transfer
FN:133,transferFrom
FN:153,delegate
FN:166,delegateBySig
FN:182,getCurrentVotes
FN:194,getPriorVotes
FN:228,_delegate
FN:238,_transferTokens
FN:249,_moveDelegates
FN:267,_writeCheckpoint
FN:280,safe32
FN:285,safe96
FN:290,add96
FN:296,sub96
FN:301,getChainId
FNF:19
FNH:0
FNDA:0,constructor
FNDA:0,allowance
FNDA:0,approve
FNDA:0,balanceOf
FNDA:0,transfer
FNDA:0,transferFrom
FNDA:0,delegate
FNDA:0,delegateBySig
FNDA:0,getCurrentVotes
FNDA:0,getPriorVotes
FNDA:0,_delegate
FNDA:0,_transferTokens
FNDA:0,_moveDelegates
FNDA:0,_writeCheckpoint
FNDA:0,safe32
FNDA:0,safe96
FNDA:0,add96
FNDA:0,sub96
FNDA:0,getChainId
DA:69,0
DA:70,0
DA:80,0
DA:92,0
DA:93,0
DA:94,0
DA:96,0
DA:99,0
DA:101,0
DA:102,0
DA:111,0
DA:121,0
DA:122,0
DA:123,0
DA:134,0
DA:135,0
DA:136,0
DA:138,0
DA:139,0
DA:140,0
DA:142,0
DA:145,0
DA:146,0
DA:154,0
DA:167,0
DA:168,0
DA:169,0
DA:170,0
DA:171,0
DA:172,0
DA:173,0
DA:174,0
DA:183,0
DA:184,0
DA:195,0
DA:197,0
DA:198,0
DA:199,0
DA:203,0
DA:204,0
DA:208,0
DA:209,0
DA:212,0
DA:213,0
DA:214,0
DA:215,0
DA:216,0
DA:217,0
DA:218,0
DA:220,0
DA:222,0
DA:225,0
DA:229,0
DA:230,0
DA:231,0
DA:233,0
DA:235,0
DA:239,0
DA:240,0
DA:242,0
DA:243,0
DA:244,0
DA:246,0
DA:250,0
DA:251,0
DA:252,0
DA:253,0
DA:254,0
DA:255,0
DA:258,0
DA:259,0
DA:260,0
DA:261,0
DA:262,0
DA:268,0
DA:270,0
DA:271,0
DA:273,0
DA:274,0
DA:277,0
DA:281,0
DA:282,0
DA:286,0
DA:287,0
DA:291,0
DA:292,0
DA:293,0
DA:297,0
DA:298,0
DA:302,0
DA:303,0
DA:304,0
LF:92
LH:0
BRDA:93,1,0,0
BRDA:93,1,1,0
BRDA:138,2,0,0
BRDA:138,2,1,0
BRDA:171,3,0,0
BRDA:171,3,1,0
BRDA:172,4,0,0
BRDA:172,4,1,0
BRDA:173,5,0,0
BRDA:173,5,1,0
BRDA:195,6,0,0
BRDA:195,6,1,0
BRDA:198,7,0,0
BRDA:198,7,1,0
BRDA:203,8,0,0
BRDA:203,8,1,0
BRDA:208,9,0,0
BRDA:208,9,1,0
BRDA:217,10,0,0
BRDA:217,10,1,0
BRDA:219,11,0,0
BRDA:219,11,1,0
BRDA:239,12,0,0
BRDA:239,12,1,0
BRDA:240,13,0,0
BRDA:240,13,1,0
BRDA:250,14,0,0
BRDA:250,14,1,0
BRDA:251,15,0,0
BRDA:251,15,1,0
BRDA:258,16,0,0
BRDA:258,16,1,0
BRDA:270,17,0,0
BRDA:270,17,1,0
BRDA:281,18,0,0
BRDA:281,18,1,0
BRDA:286,19,0,0
BRDA:286,19,1,0
BRDA:292,20,0,0
BRDA:292,20,1,0
BRDA:297,21,0,0
BRDA:297,21,1,0
BRF:42
BRH:0
end_of_record
TN:
SF:/Users/maxgrok/Desktop/rubicon_protocol/contracts/RubiconMarket.sol
FN:39,constructor
FN:46,setOwner
FN:54,setAuthority
FN:60,auth
FN:65,isAuthorized
FN:82,add
FN:85,sub
FN:88,mul
FN:92,min
FN:95,max
FN:98,imin
FN:101,imax
FN:108,wmul
FN:111,rmul
FN:114,wdiv
FN:117,rdiv
FN:136,rpow
FN:234,can_buy
FN:239,can_cancel
FN:245,can_offer
FN:249,synchronized
FN:256,isActive
FN:260,getOwner
FN:264,getOffer
FN:274,bump
FN:294,buy
FN:340,cancel
FN:364,kill
FN:370,make
FN:386,offer
FN:422,take
FN:428,_next_id
FN:444,can_offer
FN:450,can_buy
FN:457,can_cancel
FN:463,constructor
FN:469,isClosed
FN:473,getTime
FN:477,stop
FN:492,note
FN:537,constructor
FN:541,can_cancel
FN:552,make
FN:564,take
FN:568,kill
FN:586,offer
FN:609,offer
FN:624,offer
FN:639,buy
FN:650,cancel
FN:666,insert
FN:685,del_rank
FN:707,setMinSell
FN:716,getMinSell
FN:727,setBuyEnabled
FN:740,setMatchingEnabled
FN:749,getBestOffer
FN:757,getWorseOffer
FN:765,getBetterOffer
FN:771,getOfferCount
FN:780,getFirstUnsortedOffer
FN:786,getNextUnsortedOffer
FN:790,isOfferSorted
FN:796,sellAllAmount
FN:824,buyAllAmount
FN:851,getBuyAmount
FN:864,getPayAmount
FN:879,_buys
FN:902,_find
FN:923,_findpos
FN:964,_isPricedLtOrEq
FN:979,_matcho
FN:1036,_offeru
FN:1053,_sort
FN:1094,_unsort
FN:1125,_hide
FNF:76
FNH:0
FNDA:0,constructor
FNDA:0,setOwner
FNDA:0,setAuthority
FNDA:0,auth
FNDA:0,isAuthorized
FNDA:0,add
FNDA:0,sub
FNDA:0,mul
FNDA:0,min
FNDA:0,max
FNDA:0,imin
FNDA:0,imax
FNDA:0,wmul
FNDA:0,rmul
FNDA:0,wdiv
FNDA:0,rdiv
FNDA:0,rpow
FNDA:0,can_buy
FNDA:0,can_cancel
FNDA:0,can_offer
FNDA:0,synchronized
FNDA:0,isActive
FNDA:0,getOwner
FNDA:0,getOffer
FNDA:0,bump
FNDA:0,buy
FNDA:0,cancel
FNDA:0,kill
FNDA:0,make
FNDA:0,offer
FNDA:0,take
FNDA:0,_next_id
FNDA:0,can_offer
FNDA:0,can_buy
FNDA:0,can_cancel
FNDA:0,constructor
FNDA:0,isClosed
FNDA:0,getTime
FNDA:0,stop
FNDA:0,note
FNDA:0,constructor
FNDA:0,can_cancel
FNDA:0,make
FNDA:0,take
FNDA:0,kill
FNDA:0,offer
FNDA:0,offer
FNDA:0,offer
FNDA:0,buy
FNDA:0,cancel
FNDA:0,insert
FNDA:0,del_rank
FNDA:0,setMinSell
FNDA:0,getMinSell
FNDA:0,setBuyEnabled
FNDA:0,setMatchingEnabled
FNDA:0,getBestOffer
FNDA:0,getWorseOffer
FNDA:0,getBetterOffer
FNDA:0,getOfferCount
FNDA:0,getFirstUnsortedOffer
FNDA:0,getNextUnsortedOffer
FNDA:0,isOfferSorted
FNDA:0,sellAllAmount
FNDA:0,buyAllAmount
FNDA:0,getBuyAmount
FNDA:0,getPayAmount
FNDA:0,_buys
FNDA:0,_find
FNDA:0,_findpos
FNDA:0,_isPricedLtOrEq
FNDA:0,_matcho
FNDA:0,_offeru
FNDA:0,_sort
FNDA:0,_unsort
FNDA:0,_hide
DA:40,0
DA:41,0
DA:48,0
DA:49,0
DA:56,0
DA:57,0
DA:61,0
DA:62,0
DA:66,0
DA:67,0
DA:69,0
DA:76,0
DA:83,0
DA:86,0
DA:89,0
DA:93,0
DA:96,0
DA:99,0
DA:102,0
DA:109,0
DA:112,0
DA:115,0
DA:118,0
DA:137,0
DA:139,0
DA:140,0
DA:142,0
DA:143,0
DA:235,0
DA:236,0
DA:240,0
DA:241,0
DA:242,0
DA:246,0
DA:250,0
DA:251,0
DA:252,0
DA:253,0
DA:257,0
DA:261,0
DA:265,0
DA:266,0
DA:276,0
DA:277,0
DA:297,0
DA:298,0
DA:300,0
DA:301,0
DA:304,0
DA:307,0
DA:310,0
DA:311,0
DA:312,0
DA:313,0
DA:315,0
DA:316,0
DA:327,0
DA:329,0
DA:330,0
DA:333,0
DA:344,0
DA:345,0
DA:347,0
DA:349,0
DA:350,0
DA:361,0
DA:367,0
DA:379,0
DA:389,0
DA:390,0
DA:391,0
DA:392,0
DA:393,0
DA:394,0
DA:395,0
DA:397,0
DA:398,0
DA:399,0
DA:400,0
DA:401,0
DA:402,0
DA:403,0
DA:404,0
DA:405,0
DA:407,0
DA:409,0
DA:410,0
DA:425,0
DA:445,0
DA:446,0
DA:451,0
DA:452,0
DA:453,0
DA:458,0
DA:459,0
DA:460,0
DA:466,0
DA:470,0
DA:474,0
DA:478,0
DA:493,0
DA:494,0
DA:495,0
DA:497,0
DA:503,0
DA:505,0
DA:542,0
DA:543,0
DA:547,0
DA:561,0
DA:565,0
DA:569,0
DA:595,0
DA:596,0
DA:597,0
DA:612,0
DA:627,0
DA:628,0
DA:630,0
DA:631,0
DA:633,0
DA:642,0
DA:643,0
DA:644,0
DA:653,0
DA:654,0
DA:655,0
DA:656,0
DA:658,0
DA:661,0
DA:673,0
DA:674,0
DA:675,0
DA:677,0
DA:678,0
DA:679,0
DA:680,0
DA:689,0
DA:690,0
DA:691,0
DA:692,0
DA:693,0
DA:710,0
DA:711,0
DA:712,0
DA:723,0
DA:728,0
DA:729,0
DA:730,0
DA:741,0
DA:742,0
DA:743,0
DA:750,0
DA:758,0
DA:767,0
DA:772,0
DA:781,0
DA:787,0
DA:791,0
DA:800,0
DA:801,0
DA:802,0
DA:803,0
DA:804,0
DA:807,0
DA:808,0
DA:810,0
DA:811,0
DA:812,0
DA:813,0
DA:815,0
DA:816,0
DA:817,0
DA:818,0
DA:821,0
DA:828,0
DA:829,0
DA:830,0
DA:831,0
DA:832,0
DA:835,0
DA:836,0
DA:838,0
DA:839,0
DA:840,0
DA:841,0
DA:843,0
DA:844,0
DA:845,0
DA:848,0
DA:852,0
DA:853,0
DA:854,0
DA:855,0
DA:856,0
DA:857,0
DA:858,0
DA:861,0
DA:865,0
DA:866,0
DA:867,0
DA:868,0
DA:869,0
DA:870,0
DA:871,0
DA:874,0
DA:883,0
DA:884,0
DA:885,0
DA:887,0
DA:889,0
DA:892,0
DA:894,0
DA:895,0
DA:896,0
DA:898,0
DA:907,0
DA:909,0
DA:910,0
DA:911,0
DA:912,0
DA:915,0
DA:916,0
DA:917,0
DA:919,0
DA:928,0
DA:931,0
DA:932,0
DA:935,0
DA:937,0
DA:942,0
DA:943,0
DA:947,0
DA:948,0
DA:949,0
DA:951,0
DA:955,0
DA:956,0
DA:958,0
DA:972,0
DA:990,0
DA:991,0
DA:992,0
DA:993,0
DA:996,0
DA:997,0
DA:998,0
DA:999,0
DA:1007,0
DA:1010,0
DA:1014,0
DA:1015,0
DA:1016,0
DA:1017,0
DA:1019,0
DA:1020,0
DA:1024,0
DA:1026,0
DA:1028,0
DA:1045,0
DA:1046,0
DA:1047,0
DA:1048,0
DA:1049,0
DA:1059,0
DA:1061,0
DA:1062,0
DA:1063,0
DA:1065,0
DA:1071,0
DA:1074,0
DA:1075,0
DA:1076,0
DA:1078,0
DA:1079,0
DA:1082,0
DA:1085,0
DA:1086,0
DA:1089,0
DA:1090,0
DA:1100,0
DA:1101,0
DA:1102,0
DA:1104,0
DA:1107,0
DA:1108,0
DA:1109,0
DA:1111,0
DA:1114,0
DA:1115,0
DA:1116,0
DA:1119,0
DA:1120,0
DA:1121,0
DA:1131,0
DA:1132,0
DA:1134,0
DA:1136,0
DA:1137,0
DA:1138,0
DA:1139,0
DA:1141,0
DA:1142,0
DA:1143,0
DA:1145,0
DA:1146,0
DA:1148,0
DA:1149,0
DA:1150,0
LF:309
LH:0
BRDA:61,1,0,0
BRDA:61,1,1,0
BRDA:66,2,0,0
BRDA:66,2,1,0
BRDA:68,3,0,0
BRDA:68,3,1,0
BRDA:83,4,0,0
BRDA:83,4,1,0
BRDA:86,5,0,0
BRDA:86,5,1,0
BRDA:89,6,0,0
BRDA:89,6,1,0
BRDA:142,7,0,0
BRDA:142,7,1,0
BRDA:235,8,0,0
BRDA:235,8,1,0
BRDA:240,9,0,0
BRDA:240,9,1,0
BRDA:241,10,0,0
BRDA:241,10,1,0
BRDA:250,11,0,0
BRDA:250,11,1,0
BRDA:300,12,0,0
BRDA:300,12,1,0
BRDA:301,13,0,0
BRDA:301,13,1,0
BRDA:304,14,0,0
BRDA:304,14,1,0
BRDA:312,15,0,0
BRDA:312,15,1,0
BRDA:313,16,0,0
BRDA:313,16,1,0
BRDA:329,17,0,0
BRDA:329,17,1,0
BRDA:347,18,0,0
BRDA:347,18,1,0
BRDA:367,19,0,0
BRDA:367,19,1,0
BRDA:389,20,0,0
BRDA:389,20,1,0
BRDA:390,21,0,0
BRDA:390,21,1,0
BRDA:391,22,0,0
BRDA:391,22,1,0
BRDA:392,23,0,0
BRDA:392,23,1,0
BRDA:393,24,0,0
BRDA:393,24,1,0
BRDA:394,25,0,0
BRDA:394,25,1,0
BRDA:395,26,0,0
BRDA:395,26,1,0
BRDA:407,27,0,0
BRDA:407,27,1,0
BRDA:425,28,0,0
BRDA:425,28,1,0
BRDA:445,29,0,0
BRDA:445,29,1,0
BRDA:451,30,0,0
BRDA:451,30,1,0
BRDA:452,31,0,0
BRDA:452,31,1,0
BRDA:458,32,0,0
BRDA:458,32,1,0
BRDA:459,33,0,0
BRDA:459,33,1,0
BRDA:542,34,0,0
BRDA:542,34,1,0
BRDA:543,35,0,0
BRDA:543,35,1,0
BRDA:565,36,0,0
BRDA:565,36,1,0
BRDA:569,37,0,0
BRDA:569,37,1,0
BRDA:595,38,0,0
BRDA:595,38,1,0
BRDA:627,39,0,0
BRDA:627,39,1,0
BRDA:628,40,0,0
BRDA:628,40,1,0
BRDA:630,41,0,0
BRDA:630,41,1,0
BRDA:642,42,0,0
BRDA:642,42,1,0
BRDA:653,43,0,0
BRDA:653,43,1,0
BRDA:654,44,0,0
BRDA:654,44,1,0
BRDA:655,45,0,0
BRDA:655,45,1,0
BRDA:656,46,0,0
BRDA:656,46,1,0
BRDA:658,47,0,0
BRDA:658,47,1,0
BRDA:673,48,0,0
BRDA:673,48,1,0
BRDA:674,49,0,0
BRDA:674,49,1,0
BRDA:675,50,0,0
BRDA:675,50,1,0
BRDA:689,51,0,0
BRDA:689,51,1,0
BRDA:690,52,0,0
BRDA:690,52,1,0
BRDA:800,53,0,0
BRDA:800,53,1,0
BRDA:804,54,0,0
BRDA:804,54,1,0
BRDA:807,55,0,0
BRDA:807,55,1,0
BRDA:810,56,0,0
BRDA:810,56,1,0
BRDA:821,57,0,0
BRDA:821,57,1,0
BRDA:828,58,0,0
BRDA:828,58,1,0
BRDA:832,59,0,0
BRDA:832,59,1,0
BRDA:835,60,0,0
BRDA:835,60,1,0
BRDA:838,61,0,0
BRDA:838,61,1,0
BRDA:848,62,0,0
BRDA:848,62,1,0
BRDA:856,63,0,0
BRDA:856,63,1,0
BRDA:858,64,0,0
BRDA:858,64,1,0
BRDA:869,65,0,0
BRDA:869,65,1,0
BRDA:871,66,0,0
BRDA:871,66,1,0
BRDA:883,67,0,0
BRDA:883,67,1,0
BRDA:884,68,0,0
BRDA:884,68,1,0
BRDA:885,69,0,0
BRDA:885,69,1,0
BRDA:892,70,0,0
BRDA:892,70,1,0
BRDA:894,71,0,0
BRDA:894,71,1,0
BRDA:907,72,0,0
BRDA:907,72,1,0
BRDA:928,73,0,0
BRDA:928,73,1,0
BRDA:935,74,0,0
BRDA:935,74,1,0
BRDA:942,75,0,0
BRDA:942,75,1,0
BRDA:1007,76,0,0
BRDA:1007,76,1,0
BRDA:1019,77,0,0
BRDA:1019,77,1,0
BRDA:1024,78,0,0
BRDA:1024,78,1,0
BRDA:1045,79,0,0
BRDA:1045,79,1,0
BRDA:1059,80,0,0
BRDA:1059,80,1,0
BRDA:1071,81,0,0
BRDA:1071,81,1,0
BRDA:1082,82,0,0
BRDA:1082,82,1,0
BRDA:1102,83,0,0
BRDA:1102,83,1,0
BRDA:1104,84,0,0
BRDA:1104,84,1,0
BRDA:1107,85,0,0
BRDA:1107,85,1,0
BRDA:1108,86,0,0
BRDA:1108,86,1,0
BRDA:1114,87,0,0
BRDA:1114,87,1,0
BRDA:1115,88,0,0
BRDA:1115,88,1,0
BRDA:1134,89,0,0
BRDA:1134,89,1,0
BRDA:1136,90,0,0
BRDA:1136,90,1,0
BRDA:1145,91,0,0
BRDA:1145,91,1,0
BRF:182
BRH:0
end_of_record
TN:
SF:/Users/maxgrok/Desktop/rubicon_protocol/contracts/SenateAlpha.sol
FN:14,quorumVotes
FN:17,proposalThreshold
FN:20,proposalMaxOperations
FN:23,votingDelay
FN:27,votingPeriod
FN:136,constructor
FN:142,propose
FN:182,queue
FN:193,_queueOrRevert
FN:198,execute
FN:208,cancel
FN:223,getActions
FN:228,getReceipt
FN:232,state
FN:254,castVote
FN:258,castVoteBySig
FN:267,_castVote
FN:287,__acceptAdmin
FN:292,__abdicate
FN:297,__queueSetTimelockPendingAdmin
FN:302,__executeSetTimelockPendingAdmin
FN:307,add256
FN:313,sub256
FN:318,getChainId
FNF:24
FNH:0
FNDA:0,quorumVotes
FNDA:0,proposalThreshold
FNDA:0,proposalMaxOperations
FNDA:0,votingDelay
FNDA:0,votingPeriod
FNDA:0,constructor
FNDA:0,propose
FNDA:0,queue
FNDA:0,_queueOrRevert
FNDA:0,execute
FNDA:0,cancel
FNDA:0,getActions
FNDA:0,getReceipt
FNDA:0,state
FNDA:0,castVote
FNDA:0,castVoteBySig
FNDA:0,_castVote
FNDA:0,__acceptAdmin
FNDA:0,__abdicate
FNDA:0,__queueSetTimelockPendingAdmin
FNDA:0,__executeSetTimelockPendingAdmin
FNDA:0,add256
FNDA:0,sub256
FNDA:0,getChainId
DA:137,0
DA:138,0
DA:139,0
DA:143,0
DA:144,0
DA:145,0
DA:146,0
DA:148,0
DA:149,0
DA:150,0
DA:151,0
DA:152,0
DA:155,0
DA:156,0
DA:158,0
DA:159,0
DA:175,0
DA:176,0
DA:178,0
DA:179,0
DA:183,0
DA:184,0
DA:185,0
DA:186,0
DA:187,0
DA:189,0
DA:190,0
DA:194,0
DA:195,0
DA:199,0
DA:200,0
DA:201,0
DA:202,0
DA:203,0
DA:205,0
DA:209,0
DA:210,0
DA:212,0
DA:213,0
DA:215,0
DA:216,0
DA:217,0
DA:220,0
DA:224,0
DA:225,0
DA:229,0
DA:233,0
DA:234,0
DA:235,0
DA:236,0
DA:238,0
DA:240,0
DA:242,0
DA:244,0
DA:246,0
DA:248,0
DA:250,0
DA:255,0
DA:259,0
DA:260,0
DA:261,0
DA:262,0
DA:263,0
DA:264,0
DA:268,0
DA:269,0
DA:270,0
DA:271,0
DA:272,0
DA:274,0
DA:275,0
DA:277,0
DA:280,0
DA:281,0
DA:282,0
DA:284,0
DA:288,0
DA:289,0
DA:293,0
DA:294,0
DA:298,0
DA:299,0
DA:303,0
DA:304,0
DA:308,0
DA:309,0
DA:310,0
DA:314,0
DA:315,0
DA:319,0
DA:320,0
DA:321,0
LF:92
LH:0
BRDA:143,1,0,0
BRDA:143,1,1,0
BRDA:144,2,0,0
BRDA:144,2,1,0
BRDA:145,3,0,0
BRDA:145,3,1,0
BRDA:146,4,0,0
BRDA:146,4,1,0
BRDA:149,5,0,0
BRDA:149,5,1,0
BRDA:151,6,0,0
BRDA:151,6,1,0
BRDA:152,7,0,0
BRDA:152,7,1,0
BRDA:183,8,0,0
BRDA:183,8,1,0
BRDA:194,9,0,0
BRDA:194,9,1,0
BRDA:199,10,0,0
BRDA:199,10,1,0
BRDA:210,11,0,0
BRDA:210,11,1,0
BRDA:213,12,0,0
BRDA:213,12,1,0
BRDA:233,13,0,0
BRDA:233,13,1,0
BRDA:235,14,0,0
BRDA:235,14,1,0
BRDA:237,15,0,0
BRDA:237,15,1,0
BRDA:239,16,0,0
BRDA:239,16,1,0
BRDA:241,17,0,0
BRDA:241,17,1,0
BRDA:243,18,0,0
BRDA:243,18,1,0
BRDA:245,19,0,0
BRDA:245,19,1,0
BRDA:247,20,0,0
BRDA:247,20,1,0
BRDA:263,21,0,0
BRDA:263,21,1,0
BRDA:268,22,0,0
BRDA:268,22,1,0
BRDA:271,23,0,0
BRDA:271,23,1,0
BRDA:274,24,0,0
BRDA:274,24,1,0
BRDA:288,25,0,0
BRDA:288,25,1,0
BRDA:293,26,0,0
BRDA:293,26,1,0
BRDA:298,27,0,0
BRDA:298,27,1,0
BRDA:303,28,0,0
BRDA:303,28,1,0
BRDA:309,29,0,0
BRDA:309,29,1,0
BRDA:314,30,0,0
BRDA:314,30,1,0
BRF:60
BRH:0
end_of_record
TN:
SF:/Users/maxgrok/Desktop/rubicon_protocol/contracts/Timelock.sol
FN:36,add
FN:52,sub
FN:68,sub
FN:84,mul
FN:109,div
FN:126,div
FN:146,mod
FN:164,mod
FN:196,constructor
FN:204,
FN:206,setDelay
FN:215,acceptAdmin
FN:223,setPendingAdmin
FN:230,queueTransaction
FN:241,cancelTransaction
FN:250,executeTransaction
FN:277,getBlockTimestamp
FNF:17
FNH:0
FNDA:0,add
FNDA:0,sub
FNDA:0,sub
FNDA:0,mul
FNDA:0,div
FNDA:0,div
FNDA:0,mod
FNDA:0,mod
FNDA:0,constructor
FNDA:0,
FNDA:0,setDelay
FNDA:0,acceptAdmin
FNDA:0,setPendingAdmin
FNDA:0,queueTransaction
FNDA:0,cancelTransaction
FNDA:0,executeTransaction
FNDA:0,getBlockTimestamp
DA:37,0
DA:38,0
DA:40,0
DA:53,0
DA:69,0
DA:70,0
DA:72,0
DA:88,0
DA:89,0
DA:92,0
DA:93,0
DA:95,0
DA:110,0
DA:128,0
DA:129,0
DA:132,0
DA:147,0
DA:165,0
DA:166,0
DA:197,0
DA:198,0
DA:200,0
DA:201,0
DA:207,0
DA:208,0
DA:209,0
DA:210,0
DA:212,0
DA:216,0
DA:217,0
DA:218,0
DA:220,0
DA:224,0
DA:225,0
DA:227,0
DA:231,0
DA:232,0
DA:234,0
DA:235,0
DA:237,0
DA:238,0
DA:242,0
DA:244,0
DA:245,0
DA:247,0
DA:251,0
DA:253,0
DA:254,0
DA:255,0
DA:256,0
DA:258,0
DA:260,0
DA:262,0
DA:263,0
DA:265,0
DA:269,0
DA:270,0
DA:272,0
DA:274,0
DA:279,0
LF:60
LH:0
BRDA:38,1,0,0
BRDA:38,1,1,0
BRDA:69,2,0,0
BRDA:69,2,1,0
BRDA:88,3,0,0
BRDA:88,3,1,0
BRDA:93,4,0,0
BRDA:93,4,1,0
BRDA:128,5,0,0
BRDA:128,5,1,0
BRDA:165,6,0,0
BRDA:165,6,1,0
BRDA:197,7,0,0
BRDA:197,7,1,0
BRDA:198,8,0,0
BRDA:198,8,1,0
BRDA:207,9,0,0
BRDA:207,9,1,0
BRDA:208,10,0,0
BRDA:208,10,1,0
BRDA:209,11,0,0
BRDA:209,11,1,0
BRDA:216,12,0,0
BRDA:216,12,1,0
BRDA:224,13,0,0
BRDA:224,13,1,0
BRDA:231,14,0,0
BRDA:231,14,1,0
BRDA:232,15,0,0
BRDA:232,15,1,0
BRDA:242,16,0,0
BRDA:242,16,1,0
BRDA:251,17,0,0
BRDA:251,17,1,0
BRDA:254,18,0,0
BRDA:254,18,1,0
BRDA:255,19,0,0
BRDA:255,19,1,0
BRDA:256,20,0,0
BRDA:256,20,1,0
BRDA:262,21,0,0
BRDA:262,21,1,0
BRDA:270,22,0,0
BRDA:270,22,1,0
BRF:44
BRH:0
end_of_record
TN:
SF:/Users/maxgrok/Desktop/rubicon_protocol/contracts/Unitroller.sol
FN:64,fail
FN:73,failOpaque
FN:197,fail
FN:206,failOpaque
FN:316,mulUInt
FN:333,divUInt
FN:344,subUInt
FN:355,addUInt
FN:368,addThenSubUInt
FN:405,getExp
FN:422,addExp
FN:431,subExp
FN:440,mulScalar
FN:452,mulScalarTruncate
FN:464,mulScalarTruncateAddUInt
FN:476,divScalar
FN:488,divScalarByExp
FN:508,divScalarByExpTruncate
FN:520,mulExp
FN:545,mulExp
FN:552,mulExp3
FN:565,divExp
FN:573,truncate
FN:581,lessThanExp
FN:588,lessThanOrEqualExp
FN:595,isZeroExp
FN:749,constructor
FN:762,nonReentrant
FN:1005,constructor
FN:1044,transferTokens
FN:1112,transfer
FN:1123,transferFrom
FN:1135,approve
FN:1148,allowance
FN:1157,balanceOf
FN:1167,balanceOfUnderlying
FN:1180,getAccountSnapshot
FN:1204,getBlockNumber
FN:1212,borrowRatePerBlock
FN:1222,supplyRatePerBlock
FN:1252,totalBorrowsCurrent
FN:1262,borrowBalanceCurrent
FN:1272,borrowBalanceStored
FN:1283,borrowBalanceStoredInternal
FN:1319,exchangeRateCurrent
FN:1329,exchangeRateStored
FN:1340,exchangeRateStoredInternal
FN:1375,getCash
FN:1399,accrueInterest
FN:1471,mintInternal
FN:1497,mintFresh
FN:1582,redeemInternal
FN:1598,redeemUnderlyingInternal
FN:1626,redeemFresh
FN:1729,borrowInternal
FN:1752,borrowFresh
FN:1824,repayBorrowInternal
FN:1840,repayBorrowBehalfInternal
FN:1867,repayBorrowFresh
FN:1954,liquidateBorrowInternal
FN:1980,liquidateBorrowFresh
FN:2051,seize
FN:2110,_setPendingAdmin
FN:2133,_acceptAdmin
FN:2160,_setComptroller
FN:2184,_setReserveFactor
FN:2199,_setReserveFactorFresh
FN:2229,_reduceReserves
FN:2245,_reduceReservesFresh
FN:2299,_setInterestRateModel
FN:2315,_setInterestRateModelFresh
FN:2486,constructor
FN:2492,_setPendingImplementation
FN:2512,_acceptImplementation
FN:2541,_setPendingAdmin
FN:2564,_acceptAdmin
FN:2591,
FNF:77
FNH:0
FNDA:0,fail
FNDA:0,failOpaque
FNDA:0,fail
FNDA:0,failOpaque
FNDA:0,mulUInt
FNDA:0,divUInt
FNDA:0,subUInt
FNDA:0,addUInt
FNDA:0,addThenSubUInt
FNDA:0,getExp
FNDA:0,addExp
FNDA:0,subExp
FNDA:0,mulScalar
FNDA:0,mulScalarTruncate
FNDA:0,mulScalarTruncateAddUInt
FNDA:0,divScalar
FNDA:0,divScalarByExp
FNDA:0,divScalarByExpTruncate
FNDA:0,mulExp
FNDA:0,mulExp
FNDA:0,mulExp3
FNDA:0,divExp
FNDA:0,truncate
FNDA:0,lessThanExp
FNDA:0,lessThanOrEqualExp
FNDA:0,isZeroExp
FNDA:0,constructor
FNDA:0,nonReentrant
FNDA:0,constructor
FNDA:0,transferTokens
FNDA:0,transfer
FNDA:0,transferFrom
FNDA:0,approve
FNDA:0,allowance
FNDA:0,balanceOf
FNDA:0,balanceOfUnderlying
FNDA:0,getAccountSnapshot
FNDA:0,getBlockNumber
FNDA:0,borrowRatePerBlock
FNDA:0,supplyRatePerBlock
FNDA:0,totalBorrowsCurrent
FNDA:0,borrowBalanceCurrent
FNDA:0,borrowBalanceStored
FNDA:0,borrowBalanceStoredInternal
FNDA:0,exchangeRateCurrent
FNDA:0,exchangeRateStored
FNDA:0,exchangeRateStoredInternal
FNDA:0,getCash
FNDA:0,accrueInterest
FNDA:0,mintInternal
FNDA:0,mintFresh
FNDA:0,redeemInternal
FNDA:0,redeemUnderlyingInternal
FNDA:0,redeemFresh
FNDA:0,borrowInternal
FNDA:0,borrowFresh
FNDA:0,repayBorrowInternal
FNDA:0,repayBorrowBehalfInternal
FNDA:0,repayBorrowFresh
FNDA:0,liquidateBorrowInternal
FNDA:0,liquidateBorrowFresh
FNDA:0,seize
FNDA:0,_setPendingAdmin
FNDA:0,_acceptAdmin
FNDA:0,_setComptroller
FNDA:0,_setReserveFactor
FNDA:0,_setReserveFactorFresh
FNDA:0,_reduceReserves
FNDA:0,_reduceReservesFresh
FNDA:0,_setInterestRateModel
FNDA:0,_setInterestRateModelFresh
FNDA:0,constructor
FNDA:0,_setPendingImplementation
FNDA:0,_acceptImplementation
FNDA:0,_setPendingAdmin
FNDA:0,_acceptAdmin
FNDA:0,
DA:65,0
DA:67,0
DA:74,0
DA:76,0
DA:198,0
DA:200,0
DA:207,0
DA:209,0
DA:317,0
DA:318,0
DA:321,0
DA:323,0
DA:324,0
DA:326,0
DA:334,0
DA:335,0
DA:338,0
DA:345,0
DA:346,0
DA:348,0
DA:356,0
DA:358,0
DA:359,0
DA:361,0
DA:369,0
DA:371,0
DA:372,0
DA:375,0
DA:406,0
DA:407,0
DA:408,0
DA:411,0
DA:412,0
DA:413,0
DA:416,0
DA:423,0
DA:425,0
DA:432,0
DA:434,0
DA:441,0
DA:442,0
DA:443,0
DA:446,0
DA:453,0
DA:454,0
DA:455,0
DA:458,0
DA:465,0
DA:466,0
DA:467,0
DA:470,0
DA:477,0
DA:478,0
DA:479,0
DA:482,0
DA:498,0
DA:499,0
DA:500,0
DA:502,0
DA:509,0
DA:510,0
DA:511,0
DA:514,0
DA:522,0
DA:523,0
DA:524,0
DA:530,0
DA:531,0
DA:532,0
DA:535,0
DA:537,0
DA:539,0
DA:546,0
DA:553,0
DA:554,0
DA:555,0
DA:557,0
DA:566,0
DA:575,0
DA:582,0
DA:589,0
DA:596,0
DA:752,0
DA:763,0
DA:764,0
DA:765,0
DA:766,0
DA:1012,0
DA:1015,0
DA:1016,0
DA:1019,0
DA:1020,0
DA:1023,0
DA:1024,0
DA:1027,0
DA:1028,0
DA:1030,0
DA:1031,0
DA:1032,0
DA:1046,0
DA:1047,0
DA:1048,0
DA:1052,0
DA:1053,0
DA:1057,0
DA:1058,0
DA:1059,0
DA:1061,0
DA:1065,0
DA:1066,0
DA:1067,0
DA:1068,0
DA:1070,0
DA:1071,0
DA:1072,0
DA:1075,0
DA:1076,0
DA:1077,0
DA:1080,0
DA:1081,0
DA:1082,0
DA:1089,0
DA:1090,0
DA:1093,0
DA:1094,0
DA:1098,0
DA:1101,0
DA:1103,0
DA:1113,0
DA:1124,0
DA:1136,0
DA:1137,0
DA:1138,0
DA:1139,0
DA:1149,0
DA:1158,0
DA:1168,0
DA:1169,0
DA:1170,0
DA:1171,0
DA:1181,0
DA:1182,0
DA:1183,0
DA:1185,0
DA:1187,0
DA:1188,0
DA:1189,0
DA:1192,0
DA:1193,0
DA:1194,0
DA:1197,0
DA:1205,0
DA:1213,0
DA:1214,0
DA:1215,0
DA:1228,0
DA:1230,0
DA:1231,0
DA:1233,0
DA:1234,0
DA:1236,0
DA:1237,0
DA:1239,0
DA:1240,0
DA:1242,0
DA:1243,0
DA:1245,0
DA:1253,0
DA:1254,0
DA:1263,0
DA:1264,0
DA:1273,0
DA:1274,0
DA:1275,0
DA:1285,0
DA:1286,0
DA:1287,0
DA:1290,0
DA:1295,0
DA:1296,0
DA:1302,0
DA:1303,0
DA:1304,0
DA:1307,0
DA:1308,0
DA:1309,0
DA:1312,0
DA:1320,0
DA:1321,0
DA:1330,0
DA:1331,0
DA:1332,0
DA:1341,0
DA:1346,0
DA:1352,0
DA:1353,0
DA:1354,0
DA:1355,0
DA:1357,0
DA:1358,0
DA:1359,0
DA:1362,0
DA:1363,0
DA:1364,0
DA:1367,0
DA:1376,0
DA:1400,0
DA:1403,0
DA:1404,0
DA:1405,0
DA:1406,0
DA:1410,0
DA:1413,0
DA:1414,0
DA:1424,0
DA:1425,0
DA:1426,0
DA:1429,0
DA:1430,0
DA:1431,0
DA:1434,0
DA:1435,0
DA:1436,0
DA:1439,0
DA:1440,0
DA:1441,0
DA:1444,0
DA:1445,0
DA:1446,0
DA:1454,0
DA:1455,0
DA:1456,0
DA:1457,0
DA:1460,0
DA:1462,0
DA:1472,0
DA:1473,0
DA:1475,0
DA:1478,0
DA:1499,0
DA:1500,0
DA:1501,0
DA:1505,0
DA:1506,0
DA:1509,0
DA:1512,0
DA:1513,0
DA:1514,0
DA:1521,0
DA:1522,0
DA:1523,0
DA:1526,0
DA:1527,0
DA:1528,0
DA:1536,0
DA:1537,0
DA:1538,0
DA:1541,0
DA:1542,0
DA:1543,0
DA:1557,0
DA:1558,0
DA:1559,0
DA:1563,0
DA:1564,0
DA:1567,0
DA:1568,0
DA:1571,0
DA:1573,0
DA:1583,0
DA:1584,0
DA:1586,0
DA:1589,0
DA:1599,0
DA:1600,0
DA:1602,0
DA:1605,0
DA:1627,0
DA:1629,0
DA:1632,0
DA:1633,0
DA:1634,0
DA:1638,0
DA:1644,0
DA:1646,0
DA:1647,0
DA:1648,0
DA:1657,0
DA:1658,0
DA:1659,0
DA:1662,0
DA:1666,0
DA:1667,0
DA:1668,0
DA:1672,0
DA:1673,0
DA:1681,0
DA:1682,0
DA:1683,0
DA:1686,0
DA:1687,0
DA:1688,0
DA:1692,0
DA:1693,0
DA:1707,0
DA:1708,0
DA:1711,0
DA:1712,0
DA:1715,0
DA:1716,0
DA:1719,0
DA:1721,0
DA:1730,0
DA:1731,0
DA:1733,0
DA:1736,0
DA:1754,0
DA:1755,0
DA:1756,0
DA:1760,0
DA:1761,0
DA:1765,0
DA:1766,0
DA:1769,0
DA:1776,0
DA:1777,0
DA:1778,0
DA:1781,0
DA:1782,0
DA:1783,0
DA:1786,0
DA:1787,0
DA:1788,0
DA:1802,0
DA:1803,0
DA:1806,0
DA:1807,0
DA:1808,0
DA:1811,0
DA:1814,0
DA:1816,0
DA:1825,0
DA:1826,0
DA:1828,0
DA:1831,0
DA:1841,0
DA:1842,0
DA:1844,0
DA:1847,0
DA:1869,0
DA:1870,0
DA:1871,0
DA:1875,0
DA:1876,0
DA:1879,0
DA:1882,0
DA:1885,0
DA:1886,0
DA:1887,0
DA:1891,0
DA:1892,0
DA:1894,0
DA:1898,0
DA:1899,0
DA:1900,0
DA:1908,0
DA:1909,0
DA:1910,0
DA:1913,0
DA:1914,0
DA:1915,0
DA:1929,0
DA:1930,0
DA:1933,0
DA:1934,0
DA:1935,0
DA:1938,0
DA:1941,0
DA:1943,0
DA:1955,0
DA:1956,0
DA:1958,0
DA:1961,0
DA:1962,0
DA:1964,0
DA:1968,0
DA:1982,0
DA:1983,0
DA:1984,0
DA:1988,0
DA:1989,0
DA:1993,0
DA:1994,0
DA:1998,0
DA:1999,0
DA:2003,0
DA:2004,0
DA:2008,0
DA:2009,0
DA:2013,0
DA:2014,0
DA:2015,0
DA:2019,0
DA:2020,0
DA:2024,0
DA:2025,0
DA:2026,0
DA:2030,0
DA:2031,0
DA:2034,0
DA:2037,0
DA:2039,0
DA:2053,0
DA:2054,0
DA:2055,0
DA:2059,0
DA:2060,0
DA:2063,0
DA:2064,0
DA:2065,0
DA:2072,0
DA:2073,0
DA:2074,0
DA:2077,0
DA:2078,0
DA:2079,0
DA:2087,0
DA:2088,0
DA:2091,0
DA:2094,0
DA:2096,0
DA:2112,0
DA:2113,0
DA:2117,0
DA:2120,0
DA:2123,0
DA:2125,0
DA:2135,0
DA:2136,0
DA:2140,0
DA:2141,0
DA:2144,0
DA:2147,0
DA:2149,0
DA:2150,0
DA:2152,0
DA:2162,0
DA:2163,0
DA:2166,0
DA:2168,0
DA:2171,0
DA:2174,0
DA:2176,0
DA:2185,0
DA:2186,0
DA:2188,0
DA:2191,0
DA:2201,0
DA:2202,0
DA:2206,0
DA:2208,0
DA:2212,0
DA:2213,0
DA:2216,0
DA:2217,0
DA:2219,0
DA:2221,0
DA:2230,0
DA:2231,0
DA:2233,0
DA:2236,0
DA:2246,0
DA:2248,0
DA:2251,0
DA:2252,0
DA:2256,0
DA:2258,0
DA:2262,0
DA:2263,0
DA:2268,0
DA:2269,0
DA:2276,0
DA:2278,0
DA:2281,0
DA:2284,0
DA:2286,0
DA:2288,0
DA:2290,0
DA:2300,0
DA:2301,0
DA:2303,0
DA:2306,0
DA:2318,0
DA:2321,0
DA:2322,0
DA:2326,0
DA:2328,0
DA:2332,0
DA:2335,0
DA:2338,0
DA:2341,0
DA:2343,0
DA:2488,0
DA:2494,0
DA:2495,0
DA:2498,0
DA:2500,0
DA:2502,0
DA:2504,0
DA:2514,0
DA:2515,0
DA:2519,0
DA:2520,0
DA:2522,0
DA:2524,0
DA:2526,0
DA:2527,0
DA:2529,0
DA:2543,0
DA:2544,0
DA:2548,0
DA:2551,0
DA:2554,0
DA:2556,0
DA:2566,0
DA:2567,0
DA:2571,0
DA:2572,0
DA:2575,0
DA:2578,0
DA:2580,0
DA:2581,0
DA:2583,0
DA:2593,0
DA:2596,0
LF:535
LH:0
BRDA:317,1,0,0
BRDA:317,1,1,0
BRDA:323,2,0,0
BRDA:323,2,1,0
BRDA:334,3,0,0
BRDA:334,3,1,0
BRDA:345,4,0,0
BRDA:345,4,1,0
BRDA:358,5,0,0
BRDA:358,5,1,0
BRDA:371,6,0,0
BRDA:371,6,1,0
BRDA:407,7,0,0
BRDA:407,7,1,0
BRDA:412,8,0,0
BRDA:412,8,1,0
BRDA:442,9,0,0
BRDA:442,9,1,0
BRDA:454,10,0,0
BRDA:454,10,1,0
BRDA:466,11,0,0
BRDA:466,11,1,0
BRDA:478,12,0,0
BRDA:478,12,1,0
BRDA:499,13,0,0
BRDA:499,13,1,0
BRDA:510,14,0,0
BRDA:510,14,1,0
BRDA:523,15,0,0
BRDA:523,15,1,0
BRDA:531,16,0,0
BRDA:531,16,1,0
BRDA:537,17,0,0
BRDA:537,17,1,0
BRDA:554,18,0,0
BRDA:554,18,1,0
BRDA:766,19,0,0
BRDA:766,19,1,0
BRDA:1016,20,0,0
BRDA:1016,20,1,0
BRDA:1020,21,0,0
BRDA:1020,21,1,0
BRDA:1028,22,0,0
BRDA:1028,22,1,0
BRDA:1047,23,0,0
BRDA:1047,23,1,0
BRDA:1052,24,0,0
BRDA:1052,24,1,0
BRDA:1058,25,0,0
BRDA:1058,25,1,0
BRDA:1071,26,0,0
BRDA:1071,26,1,0
BRDA:1076,27,0,0
BRDA:1076,27,1,0
BRDA:1081,28,0,0
BRDA:1081,28,1,0
BRDA:1093,29,0,0
BRDA:1093,29,1,0
BRDA:1170,30,0,0
BRDA:1170,30,1,0
BRDA:1188,31,0,0
BRDA:1188,31,1,0
BRDA:1193,32,0,0
BRDA:1193,32,1,0
BRDA:1214,33,0,0
BRDA:1214,33,1,0
BRDA:1231,34,0,0
BRDA:1231,34,1,0
BRDA:1234,35,0,0
BRDA:1234,35,1,0
BRDA:1237,36,0,0
BRDA:1237,36,1,0
BRDA:1240,37,0,0
BRDA:1240,37,1,0
BRDA:1243,38,0,0
BRDA:1243,38,1,0
BRDA:1253,39,0,0
BRDA:1253,39,1,0
BRDA:1263,40,0,0
BRDA:1263,40,1,0
BRDA:1274,41,0,0
BRDA:1274,41,1,0
BRDA:1295,42,0,0
BRDA:1295,42,1,0
BRDA:1303,43,0,0
BRDA:1303,43,1,0
BRDA:1308,44,0,0
BRDA:1308,44,1,0
BRDA:1320,45,0,0
BRDA:1320,45,1,0
BRDA:1331,46,0,0
BRDA:1331,46,1,0
BRDA:1341,47,0,0
BRDA:1341,47,1,0
BRDA:1358,48,0,0
BRDA:1358,48,1,0
BRDA:1363,49,0,0
BRDA:1363,49,1,0
BRDA:1404,50,0,0
BRDA:1404,50,1,0
BRDA:1405,51,0,0
BRDA:1405,51,1,0
BRDA:1414,52,0,0
BRDA:1414,52,1,0
BRDA:1425,53,0,0
BRDA:1425,53,1,0
BRDA:1430,54,0,0
BRDA:1430,54,1,0
BRDA:1435,55,0,0
BRDA:1435,55,1,0
BRDA:1440,56,0,0
BRDA:1440,56,1,0
BRDA:1445,57,0,0
BRDA:1445,57,1,0
BRDA:1473,58,0,0
BRDA:1473,58,1,0
BRDA:1500,59,0,0
BRDA:1500,59,1,0
BRDA:1505,60,0,0
BRDA:1505,60,1,0
BRDA:1513,61,0,0
BRDA:1513,61,1,0
BRDA:1522,62,0,0
BRDA:1522,62,1,0
BRDA:1527,63,0,0
BRDA:1527,63,1,0
BRDA:1537,64,0,0
BRDA:1537,64,1,0
BRDA:1542,65,0,0
BRDA:1542,65,1,0
BRDA:1558,66,0,0
BRDA:1558,66,1,0
BRDA:1584,67,0,0
BRDA:1584,67,1,0
BRDA:1600,68,0,0
BRDA:1600,68,1,0
BRDA:1627,69,0,0
BRDA:1627,69,1,0
BRDA:1633,70,0,0
BRDA:1633,70,1,0
BRDA:1638,71,0,0
BRDA:1638,71,1,0
BRDA:1647,72,0,0
BRDA:1647,72,1,0
BRDA:1658,73,0,0
BRDA:1658,73,1,0
BRDA:1667,74,0,0
BRDA:1667,74,1,0
BRDA:1672,75,0,0
BRDA:1672,75,1,0
BRDA:1682,76,0,0
BRDA:1682,76,1,0
BRDA:1687,77,0,0
BRDA:1687,77,1,0
BRDA:1692,78,0,0
BRDA:1692,78,1,0
BRDA:1708,79,0,0
BRDA:1708,79,1,0
BRDA:1731,80,0,0
BRDA:1731,80,1,0
BRDA:1755,81,0,0
BRDA:1755,81,1,0
BRDA:1760,82,0,0
BRDA:1760,82,1,0
BRDA:1765,83,0,0
BRDA:1765,83,1,0
BRDA:1777,84,0,0
BRDA:1777,84,1,0
BRDA:1782,85,0,0
BRDA:1782,85,1,0
BRDA:1787,86,0,0
BRDA:1787,86,1,0
BRDA:1803,87,0,0
BRDA:1803,87,1,0
BRDA:1826,88,0,0
BRDA:1826,88,1,0
BRDA:1842,89,0,0
BRDA:1842,89,1,0
BRDA:1870,90,0,0
BRDA:1870,90,1,0
BRDA:1875,91,0,0
BRDA:1875,91,1,0
BRDA:1886,92,0,0
BRDA:1886,92,1,0
BRDA:1891,93,0,0
BRDA:1891,93,1,0
BRDA:1899,94,0,0
BRDA:1899,94,1,0
BRDA:1909,95,0,0
BRDA:1909,95,1,0
BRDA:1914,96,0,0
BRDA:1914,96,1,0
BRDA:1930,97,0,0
BRDA:1930,97,1,0
BRDA:1956,98,0,0
BRDA:1956,98,1,0
BRDA:1962,99,0,0
BRDA:1962,99,1,0
BRDA:1983,100,0,0
BRDA:1983,100,1,0
BRDA:1988,101,0,0
BRDA:1988,101,1,0
BRDA:1993,102,0,0
BRDA:1993,102,1,0
BRDA:1998,103,0,0
BRDA:1998,103,1,0
BRDA:2003,104,0,0
BRDA:2003,104,1,0
BRDA:2008,105,0,0
BRDA:2008,105,1,0
BRDA:2014,106,0,0
BRDA:2014,106,1,0
BRDA:2019,107,0,0
BRDA:2019,107,1,0
BRDA:2025,108,0,0
BRDA:2025,108,1,0
BRDA:2031,109,0,0
BRDA:2031,109,1,0
BRDA:2054,110,0,0
BRDA:2054,110,1,0
BRDA:2059,111,0,0
BRDA:2059,111,1,0
BRDA:2073,112,0,0
BRDA:2073,112,1,0
BRDA:2078,113,0,0
BRDA:2078,113,1,0
BRDA:2112,114,0,0
BRDA:2112,114,1,0
BRDA:2135,115,0,0
BRDA:2135,115,1,0
BRDA:2162,116,0,0
BRDA:2162,116,1,0
BRDA:2168,117,0,0
BRDA:2168,117,1,0
BRDA:2186,118,0,0
BRDA:2186,118,1,0
BRDA:2201,119,0,0
BRDA:2201,119,1,0
BRDA:2206,120,0,0
BRDA:2206,120,1,0
BRDA:2212,121,0,0
BRDA:2212,121,1,0
BRDA:2231,122,0,0
BRDA:2231,122,1,0
BRDA:2251,123,0,0
BRDA:2251,123,1,0
BRDA:2256,124,0,0
BRDA:2256,124,1,0
BRDA:2262,125,0,0
BRDA:2262,125,1,0
BRDA:2268,126,0,0
BRDA:2268,126,1,0
BRDA:2278,127,0,0
BRDA:2278,127,1,0
BRDA:2286,128,0,0
BRDA:2286,128,1,0
BRDA:2301,129,0,0
BRDA:2301,129,1,0
BRDA:2321,130,0,0
BRDA:2321,130,1,0
BRDA:2326,131,0,0
BRDA:2326,131,1,0
BRDA:2335,132,0,0
BRDA:2335,132,1,0
BRDA:2494,133,0,0
BRDA:2494,133,1,0
BRDA:2514,134,0,0
BRDA:2514,134,1,0
BRDA:2543,135,0,0
BRDA:2543,135,1,0
BRDA:2566,136,0,0
BRDA:2566,136,1,0
BRF:272
BRH:0
end_of_record
TN:
SF:/Users/maxgrok/Desktop/rubicon_protocol/contracts/WETH9.sol
FN:36,
FN:39,deposit
FN:43,withdraw
FN:50,totalSupply
FN:54,approve
FN:60,transfer
FN:64,transferFrom
FNF:7
FNH:0
FNDA:0,
FNDA:0,deposit
FNDA:0,withdraw
FNDA:0,totalSupply
FNDA:0,approve
FNDA:0,transfer
FNDA:0,transferFrom
DA:37,0
DA:40,0
DA:41,0
DA:44,0
DA:45,0
DA:46,0
DA:47,0
DA:51,0
DA:55,0
DA:56,0
DA:57,0
DA:61,0
DA:68,0
DA:70,0
DA:71,0
DA:72,0
DA:75,0
DA:76,0
DA:78,0
DA:80,0
LF:20
LH:0
BRDA:44,1,0,0
BRDA:44,1,1,0
BRDA:68,2,0,0
BRDA:68,2,1,0
BRDA:70,3,0,0
BRDA:70,3,1,0
BRDA:71,4,0,0
BRDA:71,4,1,0
BRF:8
BRH:0
end_of_record
